/bin/bash: /usr/local/Miniconda3-py39_4.10.3-Linux-x86_64/envs/ssci/lib/libtinfo.so.6: no version information available (required by /bin/bash)

CondaSystemExit: Exiting.

WARNING: Ignoring invalid distribution -vidia-cudnn-cu11 (/usr/local/Miniconda3-py39_4.10.3-Linux-x86_64/envs/ssci/lib/python3.10/site-packages)
WARNING: Ignoring invalid distribution - (/usr/local/Miniconda3-py39_4.10.3-Linux-x86_64/envs/ssci/lib/python3.10/site-packages)
WARNING: Ignoring invalid distribution -vidia-cudnn-cu11 (/usr/local/Miniconda3-py39_4.10.3-Linux-x86_64/envs/ssci/lib/python3.10/site-packages)
WARNING: Ignoring invalid distribution - (/usr/local/Miniconda3-py39_4.10.3-Linux-x86_64/envs/ssci/lib/python3.10/site-packages)
WARNING: Ignoring invalid distribution -vidia-cudnn-cu11 (/usr/local/Miniconda3-py39_4.10.3-Linux-x86_64/envs/ssci/lib/python3.10/site-packages)
WARNING: Ignoring invalid distribution - (/usr/local/Miniconda3-py39_4.10.3-Linux-x86_64/envs/ssci/lib/python3.10/site-packages)
WARNING: Ignoring invalid distribution -vidia-cudnn-cu11 (/usr/local/Miniconda3-py39_4.10.3-Linux-x86_64/envs/ssci/lib/python3.10/site-packages)
WARNING: Ignoring invalid distribution - (/usr/local/Miniconda3-py39_4.10.3-Linux-x86_64/envs/ssci/lib/python3.10/site-packages)
WARNING: Ignoring invalid distribution -vidia-cudnn-cu11 (/usr/local/Miniconda3-py39_4.10.3-Linux-x86_64/envs/ssci/lib/python3.10/site-packages)
WARNING: Ignoring invalid distribution - (/usr/local/Miniconda3-py39_4.10.3-Linux-x86_64/envs/ssci/lib/python3.10/site-packages)
WARNING: Ignoring invalid distribution -vidia-cudnn-cu11 (/usr/local/Miniconda3-py39_4.10.3-Linux-x86_64/envs/ssci/lib/python3.10/site-packages)
WARNING: Ignoring invalid distribution - (/usr/local/Miniconda3-py39_4.10.3-Linux-x86_64/envs/ssci/lib/python3.10/site-packages)


==> WARNING: A newer version of conda exists. <==
  current version: 4.14.0
  latest version: 23.5.0

Please update conda by running

    $ conda update -n base -c defaults conda


WARNING: Ignoring invalid distribution -vidia-cudnn-cu11 (/usr/local/Miniconda3-py39_4.10.3-Linux-x86_64/envs/ssci/lib/python3.10/site-packages)
WARNING: Ignoring invalid distribution - (/usr/local/Miniconda3-py39_4.10.3-Linux-x86_64/envs/ssci/lib/python3.10/site-packages)
WARNING: Ignoring invalid distribution -vidia-cudnn-cu11 (/usr/local/Miniconda3-py39_4.10.3-Linux-x86_64/envs/ssci/lib/python3.10/site-packages)
WARNING: Ignoring invalid distribution - (/usr/local/Miniconda3-py39_4.10.3-Linux-x86_64/envs/ssci/lib/python3.10/site-packages)
WARNING: Ignoring invalid distribution -vidia-cudnn-cu11 (/usr/local/Miniconda3-py39_4.10.3-Linux-x86_64/envs/ssci/lib/python3.10/site-packages)
WARNING: Ignoring invalid distribution - (/usr/local/Miniconda3-py39_4.10.3-Linux-x86_64/envs/ssci/lib/python3.10/site-packages)
WARNING: Error parsing requirements for nvidia-cudnn-cu11: [Errno 2] No such file or directory: '/usr/local/Miniconda3-py39_4.10.3-Linux-x86_64/envs/ssci/lib/python3.10/site-packages/nvidia_cudnn_cu11-8.5.0.96.dist-info/METADATA'
    WARNING: Ignoring invalid distribution -vidia-cudnn-cu11 (/usr/local/Miniconda3-py39_4.10.3-Linux-x86_64/envs/ssci/lib/python3.10/site-packages)
    WARNING: Ignoring invalid distribution - (/usr/local/Miniconda3-py39_4.10.3-Linux-x86_64/envs/ssci/lib/python3.10/site-packages)
    WARNING: No metadata found in /usr/local/Miniconda3-py39_4.10.3-Linux-x86_64/envs/ssci/lib/python3.10/site-packages
WARNING: Ignoring invalid distribution -vidia-cudnn-cu11 (/usr/local/Miniconda3-py39_4.10.3-Linux-x86_64/envs/ssci/lib/python3.10/site-packages)
WARNING: Ignoring invalid distribution - (/usr/local/Miniconda3-py39_4.10.3-Linux-x86_64/envs/ssci/lib/python3.10/site-packages)
ERROR: pip's dependency resolver does not currently take into account all the packages that are installed. This behaviour is the source of the following dependency conflicts.
torch 2.0.1 requires nvidia-cudnn-cu11==8.5.0.96; platform_system == "Linux" and platform_machine == "x86_64", but you have nvidia-cudnn-cu11 8.6.0.163 which is incompatible.
WARNING: Ignoring invalid distribution -vidia-cudnn-cu11 (/usr/local/Miniconda3-py39_4.10.3-Linux-x86_64/envs/ssci/lib/python3.10/site-packages)
WARNING: Ignoring invalid distribution - (/usr/local/Miniconda3-py39_4.10.3-Linux-x86_64/envs/ssci/lib/python3.10/site-packages)
WARNING: Ignoring invalid distribution -vidia-cudnn-cu11 (/usr/local/Miniconda3-py39_4.10.3-Linux-x86_64/envs/ssci/lib/python3.10/site-packages)
WARNING: Ignoring invalid distribution - (/usr/local/Miniconda3-py39_4.10.3-Linux-x86_64/envs/ssci/lib/python3.10/site-packages)
WARNING: Ignoring invalid distribution -vidia-cudnn-cu11 (/usr/local/Miniconda3-py39_4.10.3-Linux-x86_64/envs/ssci/lib/python3.10/site-packages)
WARNING: Ignoring invalid distribution - (/usr/local/Miniconda3-py39_4.10.3-Linux-x86_64/envs/ssci/lib/python3.10/site-packages)
2023-05-31 07:30:40.652771: I tensorflow/core/platform/cpu_feature_guard.cc:182] This TensorFlow binary is optimized to use available CPU instructions in performance-critical operations.
To enable the following instructions: AVX2 FMA, in other operations, rebuild TensorFlow with the appropriate compiler flags.
2023-05-31 07:30:41.310422: W tensorflow/compiler/tf2tensorrt/utils/py_utils.cc:38] TF-TRT Warning: Could not find TensorRT
2023-05-31 07:30:43.289508: I tensorflow/core/platform/cpu_feature_guard.cc:182] This TensorFlow binary is optimized to use available CPU instructions in performance-critical operations.
To enable the following instructions: AVX2 FMA, in other operations, rebuild TensorFlow with the appropriate compiler flags.
2023-05-31 07:30:43.853203: W tensorflow/compiler/tf2tensorrt/utils/py_utils.cc:38] TF-TRT Warning: Could not find TensorRT
2023-05-31 07:31:02.193367: I tensorflow/core/common_runtime/gpu/gpu_device.cc:1635] Created device /job:localhost/replica:0/task:0/device:GPU:0 with 78945 MB memory:  -> device: 0, name: NVIDIA A100 80GB PCIe, pci bus id: 0000:25:00.0, compute capability: 8.0
2023-05-31 07:31:10.155143: I tensorflow/core/common_runtime/executor.cc:1197] [/device:CPU:0] (DEBUG INFO) Executor start aborting (this does not indicate an error and you can ignore this message): INVALID_ARGUMENT: You must feed a value for placeholder tensor 'Placeholder/_4' with dtype int32 and shape [391374]
	 [[{{node Placeholder/_4}}]]
2023-05-31 07:31:10.155475: I tensorflow/core/common_runtime/executor.cc:1197] [/device:CPU:0] (DEBUG INFO) Executor start aborting (this does not indicate an error and you can ignore this message): INVALID_ARGUMENT: You must feed a value for placeholder tensor 'Placeholder/_0' with dtype string and shape [391374]
	 [[{{node Placeholder/_0}}]]
2023-05-31 07:32:00.583687: I tensorflow/core/common_runtime/executor.cc:1197] [/device:CPU:0] (DEBUG INFO) Executor start aborting (this does not indicate an error and you can ignore this message): INVALID_ARGUMENT: You must feed a value for placeholder tensor 'Placeholder/_21' with dtype double and shape [19]
	 [[{{node Placeholder/_21}}]]
2023-05-31 07:32:00.584054: I tensorflow/core/common_runtime/executor.cc:1197] [/device:CPU:0] (DEBUG INFO) Executor start aborting (this does not indicate an error and you can ignore this message): INVALID_ARGUMENT: You must feed a value for placeholder tensor 'Placeholder/_4' with dtype int32 and shape [391374]
	 [[{{node Placeholder/_4}}]]
2023-05-31 07:32:04.023949: I tensorflow/compiler/xla/stream_executor/cuda/cuda_dnn.cc:424] Loaded cuDNN version 8600
2023-05-31 07:32:06.548410: I tensorflow/compiler/xla/stream_executor/cuda/cuda_blas.cc:637] TensorFloat-32 will be used for the matrix multiplication. This will only be logged once.
2023-05-31 07:32:06.556109: I tensorflow/compiler/xla/service/service.cc:169] XLA service 0x25c58880 initialized for platform CUDA (this does not guarantee that XLA will be used). Devices:
2023-05-31 07:32:06.556163: I tensorflow/compiler/xla/service/service.cc:177]   StreamExecutor device (0): NVIDIA A100 80GB PCIe, Compute Capability 8.0
2023-05-31 07:32:06.573367: W tensorflow/compiler/xla/service/gpu/llvm_gpu_backend/gpu_backend_lib.cc:530] Can't find libdevice directory ${CUDA_DIR}/nvvm/libdevice. This may result in compilation or runtime failures, if the program we try to run uses routines from libdevice.
Searched for CUDA in the following directories:
  ./cuda_sdk_lib
  /usr/local/cuda-11.8
  /usr/local/cuda
  .
You can choose the search directory by setting xla_gpu_cuda_data_dir in HloModule's DebugOptions.  For most apps, setting the environment variable XLA_FLAGS=--xla_gpu_cuda_data_dir=/path/to/cuda will work.
2023-05-31 07:32:06.623091: I ./tensorflow/compiler/jit/device_compiler.h:180] Compiled cluster using XLA!  This line is logged at most once for the lifetime of the process.
2023-05-31 07:37:16.262162: I tensorflow/core/common_runtime/executor.cc:1197] [/device:CPU:0] (DEBUG INFO) Executor start aborting (this does not indicate an error and you can ignore this message): INVALID_ARGUMENT: You must feed a value for placeholder tensor 'Placeholder/_0' with dtype string and shape [111815]
	 [[{{node Placeholder/_0}}]]
2023-05-31 07:37:16.262835: I tensorflow/core/common_runtime/executor.cc:1197] [/device:CPU:0] (DEBUG INFO) Executor start aborting (this does not indicate an error and you can ignore this message): INVALID_ARGUMENT: You must feed a value for placeholder tensor 'Placeholder/_0' with dtype string and shape [111815]
	 [[{{node Placeholder/_0}}]]
WARNING:absl:Found untraced functions such as _jit_compiled_convolution_op, _jit_compiled_convolution_op, _jit_compiled_convolution_op, _jit_compiled_convolution_op, _jit_compiled_convolution_op while saving (showing 5 of 16). These functions will not be directly callable after loading.
WARNING:absl:Found untraced functions such as _jit_compiled_convolution_op, _jit_compiled_convolution_op, _jit_compiled_convolution_op, _jit_compiled_convolution_op, _jit_compiled_convolution_op while saving (showing 5 of 16). These functions will not be directly callable after loading.
WARNING:absl:Found untraced functions such as _jit_compiled_convolution_op, _jit_compiled_convolution_op, _jit_compiled_convolution_op, _jit_compiled_convolution_op, _jit_compiled_convolution_op while saving (showing 5 of 16). These functions will not be directly callable after loading.
WARNING:absl:Found untraced functions such as _jit_compiled_convolution_op, _jit_compiled_convolution_op, _jit_compiled_convolution_op, _jit_compiled_convolution_op, _jit_compiled_convolution_op while saving (showing 5 of 16). These functions will not be directly callable after loading.
WARNING:absl:Found untraced functions such as _jit_compiled_convolution_op, _jit_compiled_convolution_op, _jit_compiled_convolution_op, _jit_compiled_convolution_op, _jit_compiled_convolution_op while saving (showing 5 of 16). These functions will not be directly callable after loading.
WARNING:absl:Found untraced functions such as _jit_compiled_convolution_op, _jit_compiled_convolution_op, _jit_compiled_convolution_op, _jit_compiled_convolution_op, _jit_compiled_convolution_op while saving (showing 5 of 16). These functions will not be directly callable after loading.
WARNING:absl:Found untraced functions such as _jit_compiled_convolution_op, _jit_compiled_convolution_op, _jit_compiled_convolution_op, _jit_compiled_convolution_op, _jit_compiled_convolution_op while saving (showing 5 of 16). These functions will not be directly callable after loading.
WARNING:absl:Found untraced functions such as _jit_compiled_convolution_op, _jit_compiled_convolution_op, _jit_compiled_convolution_op, _jit_compiled_convolution_op, _jit_compiled_convolution_op while saving (showing 5 of 16). These functions will not be directly callable after loading.
WARNING:absl:Found untraced functions such as _jit_compiled_convolution_op, _jit_compiled_convolution_op, _jit_compiled_convolution_op, _jit_compiled_convolution_op, _jit_compiled_convolution_op while saving (showing 5 of 16). These functions will not be directly callable after loading.
WARNING:absl:Found untraced functions such as _jit_compiled_convolution_op, _jit_compiled_convolution_op, _jit_compiled_convolution_op, _jit_compiled_convolution_op, _jit_compiled_convolution_op while saving (showing 5 of 16). These functions will not be directly callable after loading.
2023-05-31 10:48:30.569962: W tensorflow/core/util/tensor_slice_reader.cc:97] Could not open results/models/save_at_40_multiclass_cnn_vgg19_flow-minp2-dim16-cols8-ALL-NONE-ratio: FAILED_PRECONDITION: results/models/save_at_40_multiclass_cnn_vgg19_flow-minp2-dim16-cols8-ALL-NONE-ratio; Is a directory: perhaps your file is in a different file format and you need to use a different restore operator?
2023-05-31 10:48:30.959311: I tensorflow/core/common_runtime/executor.cc:1197] [/device:CPU:0] (DEBUG INFO) Executor start aborting (this does not indicate an error and you can ignore this message): INVALID_ARGUMENT: You must feed a value for placeholder tensor 'Placeholder/_4' with dtype int32 and shape [55928]
	 [[{{node Placeholder/_4}}]]
2023-05-31 10:48:30.959740: I tensorflow/core/common_runtime/executor.cc:1197] [/device:CPU:0] (DEBUG INFO) Executor start aborting (this does not indicate an error and you can ignore this message): INVALID_ARGUMENT: You must feed a value for placeholder tensor 'Placeholder/_4' with dtype int32 and shape [55928]
	 [[{{node Placeholder/_4}}]]
2023-05-31 10:48:46.659023: I tensorflow/core/common_runtime/executor.cc:1197] [/device:CPU:0] (DEBUG INFO) Executor start aborting (this does not indicate an error and you can ignore this message): INVALID_ARGUMENT: You must feed a value for placeholder tensor 'Placeholder/_0' with dtype string and shape [55928]
	 [[{{node Placeholder/_0}}]]
2023-05-31 10:48:46.659749: I tensorflow/core/common_runtime/executor.cc:1197] [/device:CPU:0] (DEBUG INFO) Executor start aborting (this does not indicate an error and you can ignore this message): INVALID_ARGUMENT: You must feed a value for placeholder tensor 'Placeholder/_4' with dtype int32 and shape [55928]
	 [[{{node Placeholder/_4}}]]
