WARNING: A conda environment already exists at '/usr/local/Miniconda3-py39_4.10.3-Linux-x86_64/envs/ssci'
Remove existing environment (y/[n])? 
Requirement already satisfied: matplotlib==3.7.1 in /usr/local/Miniconda3-py39_4.10.3-Linux-x86_64/envs/ssci/lib/python3.10/site-packages (from -r requirements.txt (line 1)) (3.7.1)
Requirement already satisfied: pandas==2.0.0 in /usr/local/Miniconda3-py39_4.10.3-Linux-x86_64/envs/ssci/lib/python3.10/site-packages (from -r requirements.txt (line 2)) (2.0.0)
Requirement already satisfied: linformer==0.2.1 in /usr/local/Miniconda3-py39_4.10.3-Linux-x86_64/envs/ssci/lib/python3.10/site-packages (from -r requirements.txt (line 3)) (0.2.1)
Requirement already satisfied: tqdm==4.65.0 in /usr/local/Miniconda3-py39_4.10.3-Linux-x86_64/envs/ssci/lib/python3.10/site-packages (from -r requirements.txt (line 4)) (4.65.0)
Requirement already satisfied: scikit-learn==1.2.2 in /usr/local/Miniconda3-py39_4.10.3-Linux-x86_64/envs/ssci/lib/python3.10/site-packages (from -r requirements.txt (line 5)) (1.2.2)
Requirement already satisfied: split-folders==0.5.1 in /usr/local/Miniconda3-py39_4.10.3-Linux-x86_64/envs/ssci/lib/python3.10/site-packages (from -r requirements.txt (line 6)) (0.5.1)
Requirement already satisfied: pynvml==11.5.0 in /usr/local/Miniconda3-py39_4.10.3-Linux-x86_64/envs/ssci/lib/python3.10/site-packages (from -r requirements.txt (line 7)) (11.5.0)
Requirement already satisfied: ipywidgets in /usr/local/Miniconda3-py39_4.10.3-Linux-x86_64/envs/ssci/lib/python3.10/site-packages (from -r requirements.txt (line 8)) (8.0.6)
Requirement already satisfied: click==8.1.3 in /usr/local/Miniconda3-py39_4.10.3-Linux-x86_64/envs/ssci/lib/python3.10/site-packages (from -r requirements.txt (line 9)) (8.1.3)
Requirement already satisfied: keras in /usr/local/Miniconda3-py39_4.10.3-Linux-x86_64/envs/ssci/lib/python3.10/site-packages (from -r requirements.txt (line 10)) (2.12.0)
Requirement already satisfied: tensorflow in /usr/local/Miniconda3-py39_4.10.3-Linux-x86_64/envs/ssci/lib/python3.10/site-packages (from -r requirements.txt (line 11)) (2.12.0)
Requirement already satisfied: wandb in /usr/local/Miniconda3-py39_4.10.3-Linux-x86_64/envs/ssci/lib/python3.10/site-packages (from -r requirements.txt (line 12)) (0.15.3)
Requirement already satisfied: contourpy>=1.0.1 in /usr/local/Miniconda3-py39_4.10.3-Linux-x86_64/envs/ssci/lib/python3.10/site-packages (from matplotlib==3.7.1->-r requirements.txt (line 1)) (1.0.7)
Requirement already satisfied: packaging>=20.0 in /usr/local/Miniconda3-py39_4.10.3-Linux-x86_64/envs/ssci/lib/python3.10/site-packages (from matplotlib==3.7.1->-r requirements.txt (line 1)) (23.1)
Requirement already satisfied: kiwisolver>=1.0.1 in /usr/local/Miniconda3-py39_4.10.3-Linux-x86_64/envs/ssci/lib/python3.10/site-packages (from matplotlib==3.7.1->-r requirements.txt (line 1)) (1.4.4)
Requirement already satisfied: python-dateutil>=2.7 in /usr/local/Miniconda3-py39_4.10.3-Linux-x86_64/envs/ssci/lib/python3.10/site-packages (from matplotlib==3.7.1->-r requirements.txt (line 1)) (2.8.2)
Requirement already satisfied: pyparsing>=2.3.1 in /usr/local/Miniconda3-py39_4.10.3-Linux-x86_64/envs/ssci/lib/python3.10/site-packages (from matplotlib==3.7.1->-r requirements.txt (line 1)) (3.0.9)
Requirement already satisfied: pillow>=6.2.0 in /usr/local/Miniconda3-py39_4.10.3-Linux-x86_64/envs/ssci/lib/python3.10/site-packages (from matplotlib==3.7.1->-r requirements.txt (line 1)) (9.5.0)
Requirement already satisfied: fonttools>=4.22.0 in /usr/local/Miniconda3-py39_4.10.3-Linux-x86_64/envs/ssci/lib/python3.10/site-packages (from matplotlib==3.7.1->-r requirements.txt (line 1)) (4.39.4)
Requirement already satisfied: cycler>=0.10 in /usr/local/Miniconda3-py39_4.10.3-Linux-x86_64/envs/ssci/lib/python3.10/site-packages (from matplotlib==3.7.1->-r requirements.txt (line 1)) (0.11.0)
Requirement already satisfied: numpy>=1.20 in /usr/local/Miniconda3-py39_4.10.3-Linux-x86_64/envs/ssci/lib/python3.10/site-packages (from matplotlib==3.7.1->-r requirements.txt (line 1)) (1.23.5)
Requirement already satisfied: tzdata>=2022.1 in /usr/local/Miniconda3-py39_4.10.3-Linux-x86_64/envs/ssci/lib/python3.10/site-packages (from pandas==2.0.0->-r requirements.txt (line 2)) (2023.3)
Requirement already satisfied: pytz>=2020.1 in /usr/local/Miniconda3-py39_4.10.3-Linux-x86_64/envs/ssci/lib/python3.10/site-packages (from pandas==2.0.0->-r requirements.txt (line 2)) (2023.3)
Requirement already satisfied: torch in /usr/local/Miniconda3-py39_4.10.3-Linux-x86_64/envs/ssci/lib/python3.10/site-packages (from linformer==0.2.1->-r requirements.txt (line 3)) (2.0.1)
Requirement already satisfied: scipy>=1.3.2 in /usr/local/Miniconda3-py39_4.10.3-Linux-x86_64/envs/ssci/lib/python3.10/site-packages (from scikit-learn==1.2.2->-r requirements.txt (line 5)) (1.10.1)
Requirement already satisfied: threadpoolctl>=2.0.0 in /usr/local/Miniconda3-py39_4.10.3-Linux-x86_64/envs/ssci/lib/python3.10/site-packages (from scikit-learn==1.2.2->-r requirements.txt (line 5)) (3.1.0)
Requirement already satisfied: joblib>=1.1.1 in /usr/local/Miniconda3-py39_4.10.3-Linux-x86_64/envs/ssci/lib/python3.10/site-packages (from scikit-learn==1.2.2->-r requirements.txt (line 5)) (1.2.0)
Requirement already satisfied: jupyterlab-widgets~=3.0.7 in /usr/local/Miniconda3-py39_4.10.3-Linux-x86_64/envs/ssci/lib/python3.10/site-packages (from ipywidgets->-r requirements.txt (line 8)) (3.0.7)
Requirement already satisfied: widgetsnbextension~=4.0.7 in /usr/local/Miniconda3-py39_4.10.3-Linux-x86_64/envs/ssci/lib/python3.10/site-packages (from ipywidgets->-r requirements.txt (line 8)) (4.0.7)
Requirement already satisfied: ipython>=6.1.0 in /usr/local/Miniconda3-py39_4.10.3-Linux-x86_64/envs/ssci/lib/python3.10/site-packages (from ipywidgets->-r requirements.txt (line 8)) (8.13.2)
Requirement already satisfied: ipykernel>=4.5.1 in /usr/local/Miniconda3-py39_4.10.3-Linux-x86_64/envs/ssci/lib/python3.10/site-packages (from ipywidgets->-r requirements.txt (line 8)) (6.23.1)
Requirement already satisfied: traitlets>=4.3.1 in /usr/local/Miniconda3-py39_4.10.3-Linux-x86_64/envs/ssci/lib/python3.10/site-packages (from ipywidgets->-r requirements.txt (line 8)) (5.9.0)
Requirement already satisfied: protobuf!=4.21.0,!=4.21.1,!=4.21.2,!=4.21.3,!=4.21.4,!=4.21.5,<5.0.0dev,>=3.20.3 in /usr/local/Miniconda3-py39_4.10.3-Linux-x86_64/envs/ssci/lib/python3.10/site-packages (from tensorflow->-r requirements.txt (line 11)) (4.23.2)
Requirement already satisfied: h5py>=2.9.0 in /usr/local/Miniconda3-py39_4.10.3-Linux-x86_64/envs/ssci/lib/python3.10/site-packages (from tensorflow->-r requirements.txt (line 11)) (3.8.0)
Requirement already satisfied: flatbuffers>=2.0 in /usr/local/Miniconda3-py39_4.10.3-Linux-x86_64/envs/ssci/lib/python3.10/site-packages (from tensorflow->-r requirements.txt (line 11)) (23.5.26)
Requirement already satisfied: jax>=0.3.15 in /usr/local/Miniconda3-py39_4.10.3-Linux-x86_64/envs/ssci/lib/python3.10/site-packages (from tensorflow->-r requirements.txt (line 11)) (0.4.10)
Requirement already satisfied: six>=1.12.0 in /usr/local/Miniconda3-py39_4.10.3-Linux-x86_64/envs/ssci/lib/python3.10/site-packages (from tensorflow->-r requirements.txt (line 11)) (1.16.0)
Requirement already satisfied: gast<=0.4.0,>=0.2.1 in /usr/local/Miniconda3-py39_4.10.3-Linux-x86_64/envs/ssci/lib/python3.10/site-packages (from tensorflow->-r requirements.txt (line 11)) (0.4.0)
Requirement already satisfied: opt-einsum>=2.3.2 in /usr/local/Miniconda3-py39_4.10.3-Linux-x86_64/envs/ssci/lib/python3.10/site-packages (from tensorflow->-r requirements.txt (line 11)) (3.3.0)
Requirement already satisfied: absl-py>=1.0.0 in /usr/local/Miniconda3-py39_4.10.3-Linux-x86_64/envs/ssci/lib/python3.10/site-packages (from tensorflow->-r requirements.txt (line 11)) (1.4.0)
Requirement already satisfied: libclang>=13.0.0 in /usr/local/Miniconda3-py39_4.10.3-Linux-x86_64/envs/ssci/lib/python3.10/site-packages (from tensorflow->-r requirements.txt (line 11)) (16.0.0)
Requirement already satisfied: astunparse>=1.6.0 in /usr/local/Miniconda3-py39_4.10.3-Linux-x86_64/envs/ssci/lib/python3.10/site-packages (from tensorflow->-r requirements.txt (line 11)) (1.6.3)
Requirement already satisfied: tensorflow-estimator<2.13,>=2.12.0 in /usr/local/Miniconda3-py39_4.10.3-Linux-x86_64/envs/ssci/lib/python3.10/site-packages (from tensorflow->-r requirements.txt (line 11)) (2.12.0)
Requirement already satisfied: termcolor>=1.1.0 in /usr/local/Miniconda3-py39_4.10.3-Linux-x86_64/envs/ssci/lib/python3.10/site-packages (from tensorflow->-r requirements.txt (line 11)) (2.3.0)
Requirement already satisfied: typing-extensions>=3.6.6 in /usr/local/Miniconda3-py39_4.10.3-Linux-x86_64/envs/ssci/lib/python3.10/site-packages (from tensorflow->-r requirements.txt (line 11)) (4.6.2)
Requirement already satisfied: tensorboard<2.13,>=2.12 in /usr/local/Miniconda3-py39_4.10.3-Linux-x86_64/envs/ssci/lib/python3.10/site-packages (from tensorflow->-r requirements.txt (line 11)) (2.12.3)
Requirement already satisfied: google-pasta>=0.1.1 in /usr/local/Miniconda3-py39_4.10.3-Linux-x86_64/envs/ssci/lib/python3.10/site-packages (from tensorflow->-r requirements.txt (line 11)) (0.2.0)
Requirement already satisfied: setuptools in /usr/local/Miniconda3-py39_4.10.3-Linux-x86_64/envs/ssci/lib/python3.10/site-packages (from tensorflow->-r requirements.txt (line 11)) (67.8.0)
Requirement already satisfied: grpcio<2.0,>=1.24.3 in /usr/local/Miniconda3-py39_4.10.3-Linux-x86_64/envs/ssci/lib/python3.10/site-packages (from tensorflow->-r requirements.txt (line 11)) (1.54.2)
Requirement already satisfied: wrapt<1.15,>=1.11.0 in /usr/local/Miniconda3-py39_4.10.3-Linux-x86_64/envs/ssci/lib/python3.10/site-packages (from tensorflow->-r requirements.txt (line 11)) (1.14.1)
Requirement already satisfied: tensorflow-io-gcs-filesystem>=0.23.1 in /usr/local/Miniconda3-py39_4.10.3-Linux-x86_64/envs/ssci/lib/python3.10/site-packages (from tensorflow->-r requirements.txt (line 11)) (0.32.0)
Requirement already satisfied: GitPython!=3.1.29,>=1.0.0 in /usr/local/Miniconda3-py39_4.10.3-Linux-x86_64/envs/ssci/lib/python3.10/site-packages (from wandb->-r requirements.txt (line 12)) (3.1.31)
Requirement already satisfied: PyYAML in /usr/local/Miniconda3-py39_4.10.3-Linux-x86_64/envs/ssci/lib/python3.10/site-packages (from wandb->-r requirements.txt (line 12)) (6.0)
Requirement already satisfied: setproctitle in /usr/local/Miniconda3-py39_4.10.3-Linux-x86_64/envs/ssci/lib/python3.10/site-packages (from wandb->-r requirements.txt (line 12)) (1.3.2)
Requirement already satisfied: appdirs>=1.4.3 in /usr/local/Miniconda3-py39_4.10.3-Linux-x86_64/envs/ssci/lib/python3.10/site-packages (from wandb->-r requirements.txt (line 12)) (1.4.4)
Requirement already satisfied: docker-pycreds>=0.4.0 in /usr/local/Miniconda3-py39_4.10.3-Linux-x86_64/envs/ssci/lib/python3.10/site-packages (from wandb->-r requirements.txt (line 12)) (0.4.0)
Requirement already satisfied: requests<3,>=2.0.0 in /usr/local/Miniconda3-py39_4.10.3-Linux-x86_64/envs/ssci/lib/python3.10/site-packages (from wandb->-r requirements.txt (line 12)) (2.31.0)
Requirement already satisfied: sentry-sdk>=1.0.0 in /usr/local/Miniconda3-py39_4.10.3-Linux-x86_64/envs/ssci/lib/python3.10/site-packages (from wandb->-r requirements.txt (line 12)) (1.24.0)
Requirement already satisfied: psutil>=5.0.0 in /usr/local/Miniconda3-py39_4.10.3-Linux-x86_64/envs/ssci/lib/python3.10/site-packages (from wandb->-r requirements.txt (line 12)) (5.9.5)
Requirement already satisfied: pathtools in /usr/local/Miniconda3-py39_4.10.3-Linux-x86_64/envs/ssci/lib/python3.10/site-packages (from wandb->-r requirements.txt (line 12)) (0.1.2)
Requirement already satisfied: wheel<1.0,>=0.23.0 in /usr/local/Miniconda3-py39_4.10.3-Linux-x86_64/envs/ssci/lib/python3.10/site-packages (from astunparse>=1.6.0->tensorflow->-r requirements.txt (line 11)) (0.38.4)
Requirement already satisfied: gitdb<5,>=4.0.1 in /usr/local/Miniconda3-py39_4.10.3-Linux-x86_64/envs/ssci/lib/python3.10/site-packages (from GitPython!=3.1.29,>=1.0.0->wandb->-r requirements.txt (line 12)) (4.0.10)
Requirement already satisfied: pyzmq>=20 in /usr/local/Miniconda3-py39_4.10.3-Linux-x86_64/envs/ssci/lib/python3.10/site-packages (from ipykernel>=4.5.1->ipywidgets->-r requirements.txt (line 8)) (25.1.0)
Requirement already satisfied: debugpy>=1.6.5 in /usr/local/Miniconda3-py39_4.10.3-Linux-x86_64/envs/ssci/lib/python3.10/site-packages (from ipykernel>=4.5.1->ipywidgets->-r requirements.txt (line 8)) (1.6.7)
Requirement already satisfied: matplotlib-inline>=0.1 in /usr/local/Miniconda3-py39_4.10.3-Linux-x86_64/envs/ssci/lib/python3.10/site-packages (from ipykernel>=4.5.1->ipywidgets->-r requirements.txt (line 8)) (0.1.6)
Requirement already satisfied: comm>=0.1.1 in /usr/local/Miniconda3-py39_4.10.3-Linux-x86_64/envs/ssci/lib/python3.10/site-packages (from ipykernel>=4.5.1->ipywidgets->-r requirements.txt (line 8)) (0.1.3)
Requirement already satisfied: jupyter-core!=5.0.*,>=4.12 in /usr/local/Miniconda3-py39_4.10.3-Linux-x86_64/envs/ssci/lib/python3.10/site-packages (from ipykernel>=4.5.1->ipywidgets->-r requirements.txt (line 8)) (5.3.0)
Requirement already satisfied: nest-asyncio in /usr/local/Miniconda3-py39_4.10.3-Linux-x86_64/envs/ssci/lib/python3.10/site-packages (from ipykernel>=4.5.1->ipywidgets->-r requirements.txt (line 8)) (1.5.6)
Requirement already satisfied: tornado>=6.1 in /usr/local/Miniconda3-py39_4.10.3-Linux-x86_64/envs/ssci/lib/python3.10/site-packages (from ipykernel>=4.5.1->ipywidgets->-r requirements.txt (line 8)) (6.3.2)
Requirement already satisfied: jupyter-client>=6.1.12 in /usr/local/Miniconda3-py39_4.10.3-Linux-x86_64/envs/ssci/lib/python3.10/site-packages (from ipykernel>=4.5.1->ipywidgets->-r requirements.txt (line 8)) (8.2.0)
Requirement already satisfied: prompt-toolkit!=3.0.37,<3.1.0,>=3.0.30 in /usr/local/Miniconda3-py39_4.10.3-Linux-x86_64/envs/ssci/lib/python3.10/site-packages (from ipython>=6.1.0->ipywidgets->-r requirements.txt (line 8)) (3.0.38)
Requirement already satisfied: stack-data in /usr/local/Miniconda3-py39_4.10.3-Linux-x86_64/envs/ssci/lib/python3.10/site-packages (from ipython>=6.1.0->ipywidgets->-r requirements.txt (line 8)) (0.6.2)
Requirement already satisfied: pickleshare in /usr/local/Miniconda3-py39_4.10.3-Linux-x86_64/envs/ssci/lib/python3.10/site-packages (from ipython>=6.1.0->ipywidgets->-r requirements.txt (line 8)) (0.7.5)
Requirement already satisfied: pexpect>4.3 in /usr/local/Miniconda3-py39_4.10.3-Linux-x86_64/envs/ssci/lib/python3.10/site-packages (from ipython>=6.1.0->ipywidgets->-r requirements.txt (line 8)) (4.8.0)
Requirement already satisfied: pygments>=2.4.0 in /usr/local/Miniconda3-py39_4.10.3-Linux-x86_64/envs/ssci/lib/python3.10/site-packages (from ipython>=6.1.0->ipywidgets->-r requirements.txt (line 8)) (2.15.1)
Requirement already satisfied: decorator in /usr/local/Miniconda3-py39_4.10.3-Linux-x86_64/envs/ssci/lib/python3.10/site-packages (from ipython>=6.1.0->ipywidgets->-r requirements.txt (line 8)) (5.1.1)
Requirement already satisfied: backcall in /usr/local/Miniconda3-py39_4.10.3-Linux-x86_64/envs/ssci/lib/python3.10/site-packages (from ipython>=6.1.0->ipywidgets->-r requirements.txt (line 8)) (0.2.0)
Requirement already satisfied: jedi>=0.16 in /usr/local/Miniconda3-py39_4.10.3-Linux-x86_64/envs/ssci/lib/python3.10/site-packages (from ipython>=6.1.0->ipywidgets->-r requirements.txt (line 8)) (0.18.2)
Requirement already satisfied: ml-dtypes>=0.1.0 in /usr/local/Miniconda3-py39_4.10.3-Linux-x86_64/envs/ssci/lib/python3.10/site-packages (from jax>=0.3.15->tensorflow->-r requirements.txt (line 11)) (0.1.0)
Requirement already satisfied: urllib3<3,>=1.21.1 in /usr/local/Miniconda3-py39_4.10.3-Linux-x86_64/envs/ssci/lib/python3.10/site-packages (from requests<3,>=2.0.0->wandb->-r requirements.txt (line 12)) (1.26.16)
Requirement already satisfied: idna<4,>=2.5 in /usr/local/Miniconda3-py39_4.10.3-Linux-x86_64/envs/ssci/lib/python3.10/site-packages (from requests<3,>=2.0.0->wandb->-r requirements.txt (line 12)) (3.4)
Requirement already satisfied: charset-normalizer<4,>=2 in /usr/local/Miniconda3-py39_4.10.3-Linux-x86_64/envs/ssci/lib/python3.10/site-packages (from requests<3,>=2.0.0->wandb->-r requirements.txt (line 12)) (3.1.0)
Requirement already satisfied: certifi>=2017.4.17 in /usr/local/Miniconda3-py39_4.10.3-Linux-x86_64/envs/ssci/lib/python3.10/site-packages (from requests<3,>=2.0.0->wandb->-r requirements.txt (line 12)) (2023.5.7)
Requirement already satisfied: markdown>=2.6.8 in /usr/local/Miniconda3-py39_4.10.3-Linux-x86_64/envs/ssci/lib/python3.10/site-packages (from tensorboard<2.13,>=2.12->tensorflow->-r requirements.txt (line 11)) (3.4.3)
Requirement already satisfied: google-auth-oauthlib<1.1,>=0.5 in /usr/local/Miniconda3-py39_4.10.3-Linux-x86_64/envs/ssci/lib/python3.10/site-packages (from tensorboard<2.13,>=2.12->tensorflow->-r requirements.txt (line 11)) (1.0.0)
Requirement already satisfied: tensorboard-data-server<0.8.0,>=0.7.0 in /usr/local/Miniconda3-py39_4.10.3-Linux-x86_64/envs/ssci/lib/python3.10/site-packages (from tensorboard<2.13,>=2.12->tensorflow->-r requirements.txt (line 11)) (0.7.0)
Requirement already satisfied: google-auth<3,>=1.6.3 in /usr/local/Miniconda3-py39_4.10.3-Linux-x86_64/envs/ssci/lib/python3.10/site-packages (from tensorboard<2.13,>=2.12->tensorflow->-r requirements.txt (line 11)) (2.19.0)
Requirement already satisfied: werkzeug>=1.0.1 in /usr/local/Miniconda3-py39_4.10.3-Linux-x86_64/envs/ssci/lib/python3.10/site-packages (from tensorboard<2.13,>=2.12->tensorflow->-r requirements.txt (line 11)) (2.3.4)
Requirement already satisfied: nvidia-nvtx-cu11==11.7.91 in /usr/local/Miniconda3-py39_4.10.3-Linux-x86_64/envs/ssci/lib/python3.10/site-packages (from torch->linformer==0.2.1->-r requirements.txt (line 3)) (11.7.91)
Requirement already satisfied: jinja2 in /usr/local/Miniconda3-py39_4.10.3-Linux-x86_64/envs/ssci/lib/python3.10/site-packages (from torch->linformer==0.2.1->-r requirements.txt (line 3)) (3.1.2)
Requirement already satisfied: sympy in /usr/local/Miniconda3-py39_4.10.3-Linux-x86_64/envs/ssci/lib/python3.10/site-packages (from torch->linformer==0.2.1->-r requirements.txt (line 3)) (1.12)
Requirement already satisfied: nvidia-curand-cu11==10.2.10.91 in /usr/local/Miniconda3-py39_4.10.3-Linux-x86_64/envs/ssci/lib/python3.10/site-packages (from torch->linformer==0.2.1->-r requirements.txt (line 3)) (10.2.10.91)
Requirement already satisfied: nvidia-cusolver-cu11==11.4.0.1 in /usr/local/Miniconda3-py39_4.10.3-Linux-x86_64/envs/ssci/lib/python3.10/site-packages (from torch->linformer==0.2.1->-r requirements.txt (line 3)) (11.4.0.1)
Requirement already satisfied: nvidia-cuda-cupti-cu11==11.7.101 in /usr/local/Miniconda3-py39_4.10.3-Linux-x86_64/envs/ssci/lib/python3.10/site-packages (from torch->linformer==0.2.1->-r requirements.txt (line 3)) (11.7.101)
Requirement already satisfied: networkx in /usr/local/Miniconda3-py39_4.10.3-Linux-x86_64/envs/ssci/lib/python3.10/site-packages (from torch->linformer==0.2.1->-r requirements.txt (line 3)) (3.1)
Requirement already satisfied: nvidia-cublas-cu11==11.10.3.66 in /usr/local/Miniconda3-py39_4.10.3-Linux-x86_64/envs/ssci/lib/python3.10/site-packages (from torch->linformer==0.2.1->-r requirements.txt (line 3)) (11.10.3.66)
Requirement already satisfied: nvidia-cusparse-cu11==11.7.4.91 in /usr/local/Miniconda3-py39_4.10.3-Linux-x86_64/envs/ssci/lib/python3.10/site-packages (from torch->linformer==0.2.1->-r requirements.txt (line 3)) (11.7.4.91)
Collecting nvidia-cudnn-cu11==8.5.0.96
  Using cached nvidia_cudnn_cu11-8.5.0.96-2-py3-none-manylinux1_x86_64.whl (557.1 MB)
Requirement already satisfied: nvidia-nccl-cu11==2.14.3 in /usr/local/Miniconda3-py39_4.10.3-Linux-x86_64/envs/ssci/lib/python3.10/site-packages (from torch->linformer==0.2.1->-r requirements.txt (line 3)) (2.14.3)
Requirement already satisfied: nvidia-cufft-cu11==10.9.0.58 in /usr/local/Miniconda3-py39_4.10.3-Linux-x86_64/envs/ssci/lib/python3.10/site-packages (from torch->linformer==0.2.1->-r requirements.txt (line 3)) (10.9.0.58)
Requirement already satisfied: triton==2.0.0 in /usr/local/Miniconda3-py39_4.10.3-Linux-x86_64/envs/ssci/lib/python3.10/site-packages (from torch->linformer==0.2.1->-r requirements.txt (line 3)) (2.0.0)
Requirement already satisfied: filelock in /usr/local/Miniconda3-py39_4.10.3-Linux-x86_64/envs/ssci/lib/python3.10/site-packages (from torch->linformer==0.2.1->-r requirements.txt (line 3)) (3.12.0)
Requirement already satisfied: nvidia-cuda-runtime-cu11==11.7.99 in /usr/local/Miniconda3-py39_4.10.3-Linux-x86_64/envs/ssci/lib/python3.10/site-packages (from torch->linformer==0.2.1->-r requirements.txt (line 3)) (11.7.99)
Requirement already satisfied: nvidia-cuda-nvrtc-cu11==11.7.99 in /usr/local/Miniconda3-py39_4.10.3-Linux-x86_64/envs/ssci/lib/python3.10/site-packages (from torch->linformer==0.2.1->-r requirements.txt (line 3)) (11.7.99)
Requirement already satisfied: lit in /usr/local/Miniconda3-py39_4.10.3-Linux-x86_64/envs/ssci/lib/python3.10/site-packages (from triton==2.0.0->torch->linformer==0.2.1->-r requirements.txt (line 3)) (16.0.5)
Requirement already satisfied: cmake in /usr/local/Miniconda3-py39_4.10.3-Linux-x86_64/envs/ssci/lib/python3.10/site-packages (from triton==2.0.0->torch->linformer==0.2.1->-r requirements.txt (line 3)) (3.26.3)
Requirement already satisfied: smmap<6,>=3.0.1 in /usr/local/Miniconda3-py39_4.10.3-Linux-x86_64/envs/ssci/lib/python3.10/site-packages (from gitdb<5,>=4.0.1->GitPython!=3.1.29,>=1.0.0->wandb->-r requirements.txt (line 12)) (5.0.0)
Requirement already satisfied: rsa<5,>=3.1.4 in /usr/local/Miniconda3-py39_4.10.3-Linux-x86_64/envs/ssci/lib/python3.10/site-packages (from google-auth<3,>=1.6.3->tensorboard<2.13,>=2.12->tensorflow->-r requirements.txt (line 11)) (4.9)
Requirement already satisfied: pyasn1-modules>=0.2.1 in /usr/local/Miniconda3-py39_4.10.3-Linux-x86_64/envs/ssci/lib/python3.10/site-packages (from google-auth<3,>=1.6.3->tensorboard<2.13,>=2.12->tensorflow->-r requirements.txt (line 11)) (0.3.0)
Requirement already satisfied: cachetools<6.0,>=2.0.0 in /usr/local/Miniconda3-py39_4.10.3-Linux-x86_64/envs/ssci/lib/python3.10/site-packages (from google-auth<3,>=1.6.3->tensorboard<2.13,>=2.12->tensorflow->-r requirements.txt (line 11)) (5.3.1)
Requirement already satisfied: requests-oauthlib>=0.7.0 in /usr/local/Miniconda3-py39_4.10.3-Linux-x86_64/envs/ssci/lib/python3.10/site-packages (from google-auth-oauthlib<1.1,>=0.5->tensorboard<2.13,>=2.12->tensorflow->-r requirements.txt (line 11)) (1.3.1)
Requirement already satisfied: parso<0.9.0,>=0.8.0 in /usr/local/Miniconda3-py39_4.10.3-Linux-x86_64/envs/ssci/lib/python3.10/site-packages (from jedi>=0.16->ipython>=6.1.0->ipywidgets->-r requirements.txt (line 8)) (0.8.3)
Requirement already satisfied: platformdirs>=2.5 in /usr/local/Miniconda3-py39_4.10.3-Linux-x86_64/envs/ssci/lib/python3.10/site-packages (from jupyter-core!=5.0.*,>=4.12->ipykernel>=4.5.1->ipywidgets->-r requirements.txt (line 8)) (3.5.1)
Requirement already satisfied: ptyprocess>=0.5 in /usr/local/Miniconda3-py39_4.10.3-Linux-x86_64/envs/ssci/lib/python3.10/site-packages (from pexpect>4.3->ipython>=6.1.0->ipywidgets->-r requirements.txt (line 8)) (0.7.0)
Requirement already satisfied: wcwidth in /usr/local/Miniconda3-py39_4.10.3-Linux-x86_64/envs/ssci/lib/python3.10/site-packages (from prompt-toolkit!=3.0.37,<3.1.0,>=3.0.30->ipython>=6.1.0->ipywidgets->-r requirements.txt (line 8)) (0.2.6)
Requirement already satisfied: MarkupSafe>=2.1.1 in /usr/local/Miniconda3-py39_4.10.3-Linux-x86_64/envs/ssci/lib/python3.10/site-packages (from werkzeug>=1.0.1->tensorboard<2.13,>=2.12->tensorflow->-r requirements.txt (line 11)) (2.1.2)
Requirement already satisfied: asttokens>=2.1.0 in /usr/local/Miniconda3-py39_4.10.3-Linux-x86_64/envs/ssci/lib/python3.10/site-packages (from stack-data->ipython>=6.1.0->ipywidgets->-r requirements.txt (line 8)) (2.2.1)
Requirement already satisfied: executing>=1.2.0 in /usr/local/Miniconda3-py39_4.10.3-Linux-x86_64/envs/ssci/lib/python3.10/site-packages (from stack-data->ipython>=6.1.0->ipywidgets->-r requirements.txt (line 8)) (1.2.0)
Requirement already satisfied: pure-eval in /usr/local/Miniconda3-py39_4.10.3-Linux-x86_64/envs/ssci/lib/python3.10/site-packages (from stack-data->ipython>=6.1.0->ipywidgets->-r requirements.txt (line 8)) (0.2.2)
Requirement already satisfied: mpmath>=0.19 in /usr/local/Miniconda3-py39_4.10.3-Linux-x86_64/envs/ssci/lib/python3.10/site-packages (from sympy->torch->linformer==0.2.1->-r requirements.txt (line 3)) (1.3.0)
Requirement already satisfied: pyasn1<0.6.0,>=0.4.6 in /usr/local/Miniconda3-py39_4.10.3-Linux-x86_64/envs/ssci/lib/python3.10/site-packages (from pyasn1-modules>=0.2.1->google-auth<3,>=1.6.3->tensorboard<2.13,>=2.12->tensorflow->-r requirements.txt (line 11)) (0.5.0)
Requirement already satisfied: oauthlib>=3.0.0 in /usr/local/Miniconda3-py39_4.10.3-Linux-x86_64/envs/ssci/lib/python3.10/site-packages (from requests-oauthlib>=0.7.0->google-auth-oauthlib<1.1,>=0.5->tensorboard<2.13,>=2.12->tensorflow->-r requirements.txt (line 11)) (3.2.2)
Installing collected packages: nvidia-cudnn-cu11
  Attempting uninstall: nvidia-cudnn-cu11
    Found existing installation: nvidia-cudnn-cu11 8.6.0.163
    Uninstalling nvidia-cudnn-cu11-8.6.0.163:
      Successfully uninstalled nvidia-cudnn-cu11-8.6.0.163
Successfully installed nvidia-cudnn-cu11-8.5.0.96
Collecting package metadata (current_repodata.json): ...working... done
Solving environment: ...working... done

# All requested packages already installed.

Retrieving notices: ...working... done
Collecting nvidia-cudnn-cu11==8.6.0.163
  Using cached nvidia_cudnn_cu11-8.6.0.163-py3-none-manylinux1_x86_64.whl (715.7 MB)
Requirement already satisfied: tensorflow==2.12.* in /usr/local/Miniconda3-py39_4.10.3-Linux-x86_64/envs/ssci/lib/python3.10/site-packages (2.12.0)
Requirement already satisfied: nvidia-cublas-cu11 in /usr/local/Miniconda3-py39_4.10.3-Linux-x86_64/envs/ssci/lib/python3.10/site-packages (from nvidia-cudnn-cu11==8.6.0.163) (11.10.3.66)
Requirement already satisfied: six>=1.12.0 in /usr/local/Miniconda3-py39_4.10.3-Linux-x86_64/envs/ssci/lib/python3.10/site-packages (from tensorflow==2.12.*) (1.16.0)
Requirement already satisfied: grpcio<2.0,>=1.24.3 in /usr/local/Miniconda3-py39_4.10.3-Linux-x86_64/envs/ssci/lib/python3.10/site-packages (from tensorflow==2.12.*) (1.54.2)
Requirement already satisfied: gast<=0.4.0,>=0.2.1 in /usr/local/Miniconda3-py39_4.10.3-Linux-x86_64/envs/ssci/lib/python3.10/site-packages (from tensorflow==2.12.*) (0.4.0)
Requirement already satisfied: absl-py>=1.0.0 in /usr/local/Miniconda3-py39_4.10.3-Linux-x86_64/envs/ssci/lib/python3.10/site-packages (from tensorflow==2.12.*) (1.4.0)
Requirement already satisfied: opt-einsum>=2.3.2 in /usr/local/Miniconda3-py39_4.10.3-Linux-x86_64/envs/ssci/lib/python3.10/site-packages (from tensorflow==2.12.*) (3.3.0)
Requirement already satisfied: jax>=0.3.15 in /usr/local/Miniconda3-py39_4.10.3-Linux-x86_64/envs/ssci/lib/python3.10/site-packages (from tensorflow==2.12.*) (0.4.10)
Requirement already satisfied: protobuf!=4.21.0,!=4.21.1,!=4.21.2,!=4.21.3,!=4.21.4,!=4.21.5,<5.0.0dev,>=3.20.3 in /usr/local/Miniconda3-py39_4.10.3-Linux-x86_64/envs/ssci/lib/python3.10/site-packages (from tensorflow==2.12.*) (4.23.2)
Requirement already satisfied: packaging in /usr/local/Miniconda3-py39_4.10.3-Linux-x86_64/envs/ssci/lib/python3.10/site-packages (from tensorflow==2.12.*) (23.1)
Requirement already satisfied: numpy<1.24,>=1.22 in /usr/local/Miniconda3-py39_4.10.3-Linux-x86_64/envs/ssci/lib/python3.10/site-packages (from tensorflow==2.12.*) (1.23.5)
Requirement already satisfied: tensorboard<2.13,>=2.12 in /usr/local/Miniconda3-py39_4.10.3-Linux-x86_64/envs/ssci/lib/python3.10/site-packages (from tensorflow==2.12.*) (2.12.3)
Requirement already satisfied: libclang>=13.0.0 in /usr/local/Miniconda3-py39_4.10.3-Linux-x86_64/envs/ssci/lib/python3.10/site-packages (from tensorflow==2.12.*) (16.0.0)
Requirement already satisfied: wrapt<1.15,>=1.11.0 in /usr/local/Miniconda3-py39_4.10.3-Linux-x86_64/envs/ssci/lib/python3.10/site-packages (from tensorflow==2.12.*) (1.14.1)
Requirement already satisfied: termcolor>=1.1.0 in /usr/local/Miniconda3-py39_4.10.3-Linux-x86_64/envs/ssci/lib/python3.10/site-packages (from tensorflow==2.12.*) (2.3.0)
Requirement already satisfied: astunparse>=1.6.0 in /usr/local/Miniconda3-py39_4.10.3-Linux-x86_64/envs/ssci/lib/python3.10/site-packages (from tensorflow==2.12.*) (1.6.3)
Requirement already satisfied: google-pasta>=0.1.1 in /usr/local/Miniconda3-py39_4.10.3-Linux-x86_64/envs/ssci/lib/python3.10/site-packages (from tensorflow==2.12.*) (0.2.0)
Requirement already satisfied: keras<2.13,>=2.12.0 in /usr/local/Miniconda3-py39_4.10.3-Linux-x86_64/envs/ssci/lib/python3.10/site-packages (from tensorflow==2.12.*) (2.12.0)
Requirement already satisfied: h5py>=2.9.0 in /usr/local/Miniconda3-py39_4.10.3-Linux-x86_64/envs/ssci/lib/python3.10/site-packages (from tensorflow==2.12.*) (3.8.0)
Requirement already satisfied: setuptools in /usr/local/Miniconda3-py39_4.10.3-Linux-x86_64/envs/ssci/lib/python3.10/site-packages (from tensorflow==2.12.*) (67.8.0)
Requirement already satisfied: typing-extensions>=3.6.6 in /usr/local/Miniconda3-py39_4.10.3-Linux-x86_64/envs/ssci/lib/python3.10/site-packages (from tensorflow==2.12.*) (4.6.2)
Requirement already satisfied: tensorflow-estimator<2.13,>=2.12.0 in /usr/local/Miniconda3-py39_4.10.3-Linux-x86_64/envs/ssci/lib/python3.10/site-packages (from tensorflow==2.12.*) (2.12.0)
Requirement already satisfied: tensorflow-io-gcs-filesystem>=0.23.1 in /usr/local/Miniconda3-py39_4.10.3-Linux-x86_64/envs/ssci/lib/python3.10/site-packages (from tensorflow==2.12.*) (0.32.0)
Requirement already satisfied: flatbuffers>=2.0 in /usr/local/Miniconda3-py39_4.10.3-Linux-x86_64/envs/ssci/lib/python3.10/site-packages (from tensorflow==2.12.*) (23.5.26)
Requirement already satisfied: wheel<1.0,>=0.23.0 in /usr/local/Miniconda3-py39_4.10.3-Linux-x86_64/envs/ssci/lib/python3.10/site-packages (from astunparse>=1.6.0->tensorflow==2.12.*) (0.38.4)
Requirement already satisfied: ml-dtypes>=0.1.0 in /usr/local/Miniconda3-py39_4.10.3-Linux-x86_64/envs/ssci/lib/python3.10/site-packages (from jax>=0.3.15->tensorflow==2.12.*) (0.1.0)
Requirement already satisfied: scipy>=1.7 in /usr/local/Miniconda3-py39_4.10.3-Linux-x86_64/envs/ssci/lib/python3.10/site-packages (from jax>=0.3.15->tensorflow==2.12.*) (1.10.1)
Requirement already satisfied: markdown>=2.6.8 in /usr/local/Miniconda3-py39_4.10.3-Linux-x86_64/envs/ssci/lib/python3.10/site-packages (from tensorboard<2.13,>=2.12->tensorflow==2.12.*) (3.4.3)
Requirement already satisfied: requests<3,>=2.21.0 in /usr/local/Miniconda3-py39_4.10.3-Linux-x86_64/envs/ssci/lib/python3.10/site-packages (from tensorboard<2.13,>=2.12->tensorflow==2.12.*) (2.31.0)
Requirement already satisfied: tensorboard-data-server<0.8.0,>=0.7.0 in /usr/local/Miniconda3-py39_4.10.3-Linux-x86_64/envs/ssci/lib/python3.10/site-packages (from tensorboard<2.13,>=2.12->tensorflow==2.12.*) (0.7.0)
Requirement already satisfied: werkzeug>=1.0.1 in /usr/local/Miniconda3-py39_4.10.3-Linux-x86_64/envs/ssci/lib/python3.10/site-packages (from tensorboard<2.13,>=2.12->tensorflow==2.12.*) (2.3.4)
Requirement already satisfied: google-auth-oauthlib<1.1,>=0.5 in /usr/local/Miniconda3-py39_4.10.3-Linux-x86_64/envs/ssci/lib/python3.10/site-packages (from tensorboard<2.13,>=2.12->tensorflow==2.12.*) (1.0.0)
Requirement already satisfied: google-auth<3,>=1.6.3 in /usr/local/Miniconda3-py39_4.10.3-Linux-x86_64/envs/ssci/lib/python3.10/site-packages (from tensorboard<2.13,>=2.12->tensorflow==2.12.*) (2.19.0)
Requirement already satisfied: urllib3<2.0 in /usr/local/Miniconda3-py39_4.10.3-Linux-x86_64/envs/ssci/lib/python3.10/site-packages (from google-auth<3,>=1.6.3->tensorboard<2.13,>=2.12->tensorflow==2.12.*) (1.26.16)
Requirement already satisfied: rsa<5,>=3.1.4 in /usr/local/Miniconda3-py39_4.10.3-Linux-x86_64/envs/ssci/lib/python3.10/site-packages (from google-auth<3,>=1.6.3->tensorboard<2.13,>=2.12->tensorflow==2.12.*) (4.9)
Requirement already satisfied: pyasn1-modules>=0.2.1 in /usr/local/Miniconda3-py39_4.10.3-Linux-x86_64/envs/ssci/lib/python3.10/site-packages (from google-auth<3,>=1.6.3->tensorboard<2.13,>=2.12->tensorflow==2.12.*) (0.3.0)
Requirement already satisfied: cachetools<6.0,>=2.0.0 in /usr/local/Miniconda3-py39_4.10.3-Linux-x86_64/envs/ssci/lib/python3.10/site-packages (from google-auth<3,>=1.6.3->tensorboard<2.13,>=2.12->tensorflow==2.12.*) (5.3.1)
Requirement already satisfied: requests-oauthlib>=0.7.0 in /usr/local/Miniconda3-py39_4.10.3-Linux-x86_64/envs/ssci/lib/python3.10/site-packages (from google-auth-oauthlib<1.1,>=0.5->tensorboard<2.13,>=2.12->tensorflow==2.12.*) (1.3.1)
Requirement already satisfied: charset-normalizer<4,>=2 in /usr/local/Miniconda3-py39_4.10.3-Linux-x86_64/envs/ssci/lib/python3.10/site-packages (from requests<3,>=2.21.0->tensorboard<2.13,>=2.12->tensorflow==2.12.*) (3.1.0)
Requirement already satisfied: certifi>=2017.4.17 in /usr/local/Miniconda3-py39_4.10.3-Linux-x86_64/envs/ssci/lib/python3.10/site-packages (from requests<3,>=2.21.0->tensorboard<2.13,>=2.12->tensorflow==2.12.*) (2023.5.7)
Requirement already satisfied: idna<4,>=2.5 in /usr/local/Miniconda3-py39_4.10.3-Linux-x86_64/envs/ssci/lib/python3.10/site-packages (from requests<3,>=2.21.0->tensorboard<2.13,>=2.12->tensorflow==2.12.*) (3.4)
Requirement already satisfied: MarkupSafe>=2.1.1 in /usr/local/Miniconda3-py39_4.10.3-Linux-x86_64/envs/ssci/lib/python3.10/site-packages (from werkzeug>=1.0.1->tensorboard<2.13,>=2.12->tensorflow==2.12.*) (2.1.2)
Requirement already satisfied: pyasn1<0.6.0,>=0.4.6 in /usr/local/Miniconda3-py39_4.10.3-Linux-x86_64/envs/ssci/lib/python3.10/site-packages (from pyasn1-modules>=0.2.1->google-auth<3,>=1.6.3->tensorboard<2.13,>=2.12->tensorflow==2.12.*) (0.5.0)
Requirement already satisfied: oauthlib>=3.0.0 in /usr/local/Miniconda3-py39_4.10.3-Linux-x86_64/envs/ssci/lib/python3.10/site-packages (from requests-oauthlib>=0.7.0->google-auth-oauthlib<1.1,>=0.5->tensorboard<2.13,>=2.12->tensorflow==2.12.*) (3.2.2)
Installing collected packages: nvidia-cudnn-cu11
  Attempting uninstall: nvidia-cudnn-cu11
    Found existing installation: nvidia-cudnn-cu11 8.5.0.96
    Uninstalling nvidia-cudnn-cu11-8.5.0.96:
      Successfully uninstalled nvidia-cudnn-cu11-8.5.0.96
Successfully installed nvidia-cudnn-cu11-8.6.0.163
[PhysicalDevice(name='/physical_device:GPU:0', device_type='GPU')]
