
CondaSystemExit: Exiting.

WARNING: Ignoring invalid distribution -vidia-cudnn-cu11 (/usr/local/Miniconda3-py39_4.10.3-Linux-x86_64/envs/ssci/lib/python3.10/site-packages)
WARNING: Ignoring invalid distribution - (/usr/local/Miniconda3-py39_4.10.3-Linux-x86_64/envs/ssci/lib/python3.10/site-packages)
WARNING: Ignoring invalid distribution -vidia-cudnn-cu11 (/usr/local/Miniconda3-py39_4.10.3-Linux-x86_64/envs/ssci/lib/python3.10/site-packages)
WARNING: Ignoring invalid distribution - (/usr/local/Miniconda3-py39_4.10.3-Linux-x86_64/envs/ssci/lib/python3.10/site-packages)
WARNING: Ignoring invalid distribution -vidia-cudnn-cu11 (/usr/local/Miniconda3-py39_4.10.3-Linux-x86_64/envs/ssci/lib/python3.10/site-packages)
WARNING: Ignoring invalid distribution - (/usr/local/Miniconda3-py39_4.10.3-Linux-x86_64/envs/ssci/lib/python3.10/site-packages)
    WARNING: Ignoring invalid distribution -vidia-cudnn-cu11 (/usr/local/Miniconda3-py39_4.10.3-Linux-x86_64/envs/ssci/lib/python3.10/site-packages)
    WARNING: Ignoring invalid distribution - (/usr/local/Miniconda3-py39_4.10.3-Linux-x86_64/envs/ssci/lib/python3.10/site-packages)
WARNING: Ignoring invalid distribution -vidia-cudnn-cu11 (/usr/local/Miniconda3-py39_4.10.3-Linux-x86_64/envs/ssci/lib/python3.10/site-packages)
WARNING: Ignoring invalid distribution - (/usr/local/Miniconda3-py39_4.10.3-Linux-x86_64/envs/ssci/lib/python3.10/site-packages)
WARNING: Ignoring invalid distribution -vidia-cudnn-cu11 (/usr/local/Miniconda3-py39_4.10.3-Linux-x86_64/envs/ssci/lib/python3.10/site-packages)
WARNING: Ignoring invalid distribution - (/usr/local/Miniconda3-py39_4.10.3-Linux-x86_64/envs/ssci/lib/python3.10/site-packages)
WARNING: Ignoring invalid distribution -vidia-cudnn-cu11 (/usr/local/Miniconda3-py39_4.10.3-Linux-x86_64/envs/ssci/lib/python3.10/site-packages)
WARNING: Ignoring invalid distribution - (/usr/local/Miniconda3-py39_4.10.3-Linux-x86_64/envs/ssci/lib/python3.10/site-packages)
WARNING: Ignoring invalid distribution -vidia-cudnn-cu11 (/usr/local/Miniconda3-py39_4.10.3-Linux-x86_64/envs/ssci/lib/python3.10/site-packages)
WARNING: Ignoring invalid distribution - (/usr/local/Miniconda3-py39_4.10.3-Linux-x86_64/envs/ssci/lib/python3.10/site-packages)


==> WARNING: A newer version of conda exists. <==
  current version: 4.14.0
  latest version: 23.5.0

Please update conda by running

    $ conda update -n base -c defaults conda


WARNING: Ignoring invalid distribution -vidia-cudnn-cu11 (/usr/local/Miniconda3-py39_4.10.3-Linux-x86_64/envs/ssci/lib/python3.10/site-packages)
WARNING: Ignoring invalid distribution - (/usr/local/Miniconda3-py39_4.10.3-Linux-x86_64/envs/ssci/lib/python3.10/site-packages)
WARNING: Ignoring invalid distribution -vidia-cudnn-cu11 (/usr/local/Miniconda3-py39_4.10.3-Linux-x86_64/envs/ssci/lib/python3.10/site-packages)
WARNING: Ignoring invalid distribution - (/usr/local/Miniconda3-py39_4.10.3-Linux-x86_64/envs/ssci/lib/python3.10/site-packages)
WARNING: Ignoring invalid distribution -vidia-cudnn-cu11 (/usr/local/Miniconda3-py39_4.10.3-Linux-x86_64/envs/ssci/lib/python3.10/site-packages)
WARNING: Ignoring invalid distribution - (/usr/local/Miniconda3-py39_4.10.3-Linux-x86_64/envs/ssci/lib/python3.10/site-packages)
    WARNING: Ignoring invalid distribution -vidia-cudnn-cu11 (/usr/local/Miniconda3-py39_4.10.3-Linux-x86_64/envs/ssci/lib/python3.10/site-packages)
    WARNING: Ignoring invalid distribution - (/usr/local/Miniconda3-py39_4.10.3-Linux-x86_64/envs/ssci/lib/python3.10/site-packages)
WARNING: Ignoring invalid distribution -vidia-cudnn-cu11 (/usr/local/Miniconda3-py39_4.10.3-Linux-x86_64/envs/ssci/lib/python3.10/site-packages)
WARNING: Ignoring invalid distribution - (/usr/local/Miniconda3-py39_4.10.3-Linux-x86_64/envs/ssci/lib/python3.10/site-packages)
ERROR: pip's dependency resolver does not currently take into account all the packages that are installed. This behaviour is the source of the following dependency conflicts.
torch 2.0.1 requires nvidia-cudnn-cu11==8.5.0.96; platform_system == "Linux" and platform_machine == "x86_64", but you have nvidia-cudnn-cu11 8.6.0.163 which is incompatible.
WARNING: Ignoring invalid distribution -vidia-cudnn-cu11 (/usr/local/Miniconda3-py39_4.10.3-Linux-x86_64/envs/ssci/lib/python3.10/site-packages)
WARNING: Ignoring invalid distribution - (/usr/local/Miniconda3-py39_4.10.3-Linux-x86_64/envs/ssci/lib/python3.10/site-packages)
WARNING: Ignoring invalid distribution -vidia-cudnn-cu11 (/usr/local/Miniconda3-py39_4.10.3-Linux-x86_64/envs/ssci/lib/python3.10/site-packages)
WARNING: Ignoring invalid distribution - (/usr/local/Miniconda3-py39_4.10.3-Linux-x86_64/envs/ssci/lib/python3.10/site-packages)
WARNING: Ignoring invalid distribution -vidia-cudnn-cu11 (/usr/local/Miniconda3-py39_4.10.3-Linux-x86_64/envs/ssci/lib/python3.10/site-packages)
WARNING: Ignoring invalid distribution - (/usr/local/Miniconda3-py39_4.10.3-Linux-x86_64/envs/ssci/lib/python3.10/site-packages)
2023-06-02 12:50:01.116892: I tensorflow/core/platform/cpu_feature_guard.cc:182] This TensorFlow binary is optimized to use available CPU instructions in performance-critical operations.
To enable the following instructions: AVX2 FMA, in other operations, rebuild TensorFlow with the appropriate compiler flags.
2023-06-02 12:50:01.997092: W tensorflow/compiler/tf2tensorrt/utils/py_utils.cc:38] TF-TRT Warning: Could not find TensorRT
2023-06-02 12:50:04.549595: I tensorflow/core/platform/cpu_feature_guard.cc:182] This TensorFlow binary is optimized to use available CPU instructions in performance-critical operations.
To enable the following instructions: AVX2 FMA, in other operations, rebuild TensorFlow with the appropriate compiler flags.
2023-06-02 12:50:05.351913: W tensorflow/compiler/tf2tensorrt/utils/py_utils.cc:38] TF-TRT Warning: Could not find TensorRT
2023-06-02 12:50:25.362985: I tensorflow/core/common_runtime/gpu/gpu_device.cc:1635] Created device /job:localhost/replica:0/task:0/device:GPU:0 with 78945 MB memory:  -> device: 0, name: NVIDIA A100 80GB PCIe, pci bus id: 0000:25:00.0, compute capability: 8.0
2023-06-02 12:50:35.299263: I tensorflow/core/common_runtime/executor.cc:1197] [/device:CPU:0] (DEBUG INFO) Executor start aborting (this does not indicate an error and you can ignore this message): INVALID_ARGUMENT: You must feed a value for placeholder tensor 'Placeholder/_4' with dtype int32 and shape [391374]
	 [[{{node Placeholder/_4}}]]
2023-06-02 12:50:35.299686: I tensorflow/core/common_runtime/executor.cc:1197] [/device:CPU:0] (DEBUG INFO) Executor start aborting (this does not indicate an error and you can ignore this message): INVALID_ARGUMENT: You must feed a value for placeholder tensor 'Placeholder/_0' with dtype string and shape [391374]
	 [[{{node Placeholder/_0}}]]
2023-06-02 12:51:32.783596: I tensorflow/core/common_runtime/executor.cc:1197] [/device:CPU:0] (DEBUG INFO) Executor start aborting (this does not indicate an error and you can ignore this message): INVALID_ARGUMENT: You must feed a value for placeholder tensor 'Placeholder/_0' with dtype string and shape [391374]
	 [[{{node Placeholder/_0}}]]
2023-06-02 12:51:32.784067: I tensorflow/core/common_runtime/executor.cc:1197] [/device:CPU:0] (DEBUG INFO) Executor start aborting (this does not indicate an error and you can ignore this message): INVALID_ARGUMENT: You must feed a value for placeholder tensor 'Placeholder/_17' with dtype double and shape [19]
	 [[{{node Placeholder/_17}}]]
2023-06-02 12:51:43.739580: I tensorflow/compiler/xla/stream_executor/cuda/cuda_blas.cc:637] TensorFloat-32 will be used for the matrix multiplication. This will only be logged once.
2023-06-02 12:51:43.945256: I tensorflow/compiler/xla/stream_executor/cuda/cuda_dnn.cc:424] Loaded cuDNN version 8600
2023-06-02 12:51:44.845072: I tensorflow/compiler/xla/service/service.cc:169] XLA service 0x27a34370 initialized for platform CUDA (this does not guarantee that XLA will be used). Devices:
2023-06-02 12:51:44.845125: I tensorflow/compiler/xla/service/service.cc:177]   StreamExecutor device (0): NVIDIA A100 80GB PCIe, Compute Capability 8.0
2023-06-02 12:51:44.861595: W tensorflow/compiler/xla/service/gpu/llvm_gpu_backend/gpu_backend_lib.cc:530] Can't find libdevice directory ${CUDA_DIR}/nvvm/libdevice. This may result in compilation or runtime failures, if the program we try to run uses routines from libdevice.
Searched for CUDA in the following directories:
  ./cuda_sdk_lib
  /usr/local/cuda-11.8
  /usr/local/cuda
  .
You can choose the search directory by setting xla_gpu_cuda_data_dir in HloModule's DebugOptions.  For most apps, setting the environment variable XLA_FLAGS=--xla_gpu_cuda_data_dir=/path/to/cuda will work.
2023-06-02 12:51:44.922300: I ./tensorflow/compiler/jit/device_compiler.h:180] Compiled cluster using XLA!  This line is logged at most once for the lifetime of the process.
2023-06-02 12:55:31.538206: I tensorflow/core/common_runtime/executor.cc:1197] [/device:CPU:0] (DEBUG INFO) Executor start aborting (this does not indicate an error and you can ignore this message): INVALID_ARGUMENT: You must feed a value for placeholder tensor 'Placeholder/_4' with dtype int32 and shape [111815]
	 [[{{node Placeholder/_4}}]]
2023-06-02 12:55:31.538597: I tensorflow/core/common_runtime/executor.cc:1197] [/device:CPU:0] (DEBUG INFO) Executor start aborting (this does not indicate an error and you can ignore this message): INVALID_ARGUMENT: You must feed a value for placeholder tensor 'Placeholder/_4' with dtype int32 and shape [111815]
	 [[{{node Placeholder/_4}}]]
2023-06-02 12:55:33.111788: I tensorflow/core/common_runtime/executor.cc:1197] [/device:CPU:0] (DEBUG INFO) Executor start aborting (this does not indicate an error and you can ignore this message): INVALID_ARGUMENT: You must feed a value for placeholder tensor 'inputs' with dtype float and shape [?,8,8,64]
	 [[{{node inputs}}]]
2023-06-02 12:55:33.428872: I tensorflow/core/common_runtime/executor.cc:1197] [/device:CPU:0] (DEBUG INFO) Executor start aborting (this does not indicate an error and you can ignore this message): INVALID_ARGUMENT: You must feed a value for placeholder tensor 'inputs' with dtype float and shape [?,65,64]
	 [[{{node inputs}}]]
2023-06-02 12:55:33.445565: I tensorflow/core/common_runtime/executor.cc:1197] [/device:CPU:0] (DEBUG INFO) Executor start aborting (this does not indicate an error and you can ignore this message): INVALID_ARGUMENT: You must feed a value for placeholder tensor 'inputs' with dtype float and shape [?,65,64]
	 [[{{node inputs}}]]
2023-06-02 12:55:33.450199: I tensorflow/core/common_runtime/executor.cc:1197] [/device:CPU:0] (DEBUG INFO) Executor start aborting (this does not indicate an error and you can ignore this message): INVALID_ARGUMENT: You must feed a value for placeholder tensor 'inputs' with dtype float and shape [?,65,256]
	 [[{{node inputs}}]]
2023-06-02 12:55:33.458179: I tensorflow/core/common_runtime/executor.cc:1197] [/device:CPU:0] (DEBUG INFO) Executor start aborting (this does not indicate an error and you can ignore this message): INVALID_ARGUMENT: You must feed a value for placeholder tensor 'inputs' with dtype float and shape [?,65,256]
	 [[{{node inputs}}]]
2023-06-02 12:55:33.462768: I tensorflow/core/common_runtime/executor.cc:1197] [/device:CPU:0] (DEBUG INFO) Executor start aborting (this does not indicate an error and you can ignore this message): INVALID_ARGUMENT: You must feed a value for placeholder tensor 'inputs' with dtype float and shape [?,65,64]
	 [[{{node inputs}}]]
2023-06-02 12:55:33.826660: I tensorflow/core/common_runtime/executor.cc:1197] [/device:CPU:0] (DEBUG INFO) Executor start aborting (this does not indicate an error and you can ignore this message): INVALID_ARGUMENT: You must feed a value for placeholder tensor 'inputs' with dtype float and shape [?,65,64]
	 [[{{node inputs}}]]
2023-06-02 12:55:33.843108: I tensorflow/core/common_runtime/executor.cc:1197] [/device:CPU:0] (DEBUG INFO) Executor start aborting (this does not indicate an error and you can ignore this message): INVALID_ARGUMENT: You must feed a value for placeholder tensor 'inputs' with dtype float and shape [?,65,64]
	 [[{{node inputs}}]]
2023-06-02 12:55:33.847735: I tensorflow/core/common_runtime/executor.cc:1197] [/device:CPU:0] (DEBUG INFO) Executor start aborting (this does not indicate an error and you can ignore this message): INVALID_ARGUMENT: You must feed a value for placeholder tensor 'inputs' with dtype float and shape [?,65,256]
	 [[{{node inputs}}]]
2023-06-02 12:55:33.855645: I tensorflow/core/common_runtime/executor.cc:1197] [/device:CPU:0] (DEBUG INFO) Executor start aborting (this does not indicate an error and you can ignore this message): INVALID_ARGUMENT: You must feed a value for placeholder tensor 'inputs' with dtype float and shape [?,65,256]
	 [[{{node inputs}}]]
2023-06-02 12:55:33.860224: I tensorflow/core/common_runtime/executor.cc:1197] [/device:CPU:0] (DEBUG INFO) Executor start aborting (this does not indicate an error and you can ignore this message): INVALID_ARGUMENT: You must feed a value for placeholder tensor 'inputs' with dtype float and shape [?,65,64]
	 [[{{node inputs}}]]
2023-06-02 12:55:34.222294: I tensorflow/core/common_runtime/executor.cc:1197] [/device:CPU:0] (DEBUG INFO) Executor start aborting (this does not indicate an error and you can ignore this message): INVALID_ARGUMENT: You must feed a value for placeholder tensor 'inputs' with dtype float and shape [?,65,64]
	 [[{{node inputs}}]]
2023-06-02 12:55:34.238743: I tensorflow/core/common_runtime/executor.cc:1197] [/device:CPU:0] (DEBUG INFO) Executor start aborting (this does not indicate an error and you can ignore this message): INVALID_ARGUMENT: You must feed a value for placeholder tensor 'inputs' with dtype float and shape [?,65,64]
	 [[{{node inputs}}]]
2023-06-02 12:55:34.243322: I tensorflow/core/common_runtime/executor.cc:1197] [/device:CPU:0] (DEBUG INFO) Executor start aborting (this does not indicate an error and you can ignore this message): INVALID_ARGUMENT: You must feed a value for placeholder tensor 'inputs' with dtype float and shape [?,65,256]
	 [[{{node inputs}}]]
2023-06-02 12:55:34.251231: I tensorflow/core/common_runtime/executor.cc:1197] [/device:CPU:0] (DEBUG INFO) Executor start aborting (this does not indicate an error and you can ignore this message): INVALID_ARGUMENT: You must feed a value for placeholder tensor 'inputs' with dtype float and shape [?,65,256]
	 [[{{node inputs}}]]
2023-06-02 12:55:34.255855: I tensorflow/core/common_runtime/executor.cc:1197] [/device:CPU:0] (DEBUG INFO) Executor start aborting (this does not indicate an error and you can ignore this message): INVALID_ARGUMENT: You must feed a value for placeholder tensor 'inputs' with dtype float and shape [?,65,64]
	 [[{{node inputs}}]]
2023-06-02 12:55:34.617040: I tensorflow/core/common_runtime/executor.cc:1197] [/device:CPU:0] (DEBUG INFO) Executor start aborting (this does not indicate an error and you can ignore this message): INVALID_ARGUMENT: You must feed a value for placeholder tensor 'inputs' with dtype float and shape [?,65,64]
	 [[{{node inputs}}]]
2023-06-02 12:55:34.633518: I tensorflow/core/common_runtime/executor.cc:1197] [/device:CPU:0] (DEBUG INFO) Executor start aborting (this does not indicate an error and you can ignore this message): INVALID_ARGUMENT: You must feed a value for placeholder tensor 'inputs' with dtype float and shape [?,65,64]
	 [[{{node inputs}}]]
2023-06-02 12:55:34.638145: I tensorflow/core/common_runtime/executor.cc:1197] [/device:CPU:0] (DEBUG INFO) Executor start aborting (this does not indicate an error and you can ignore this message): INVALID_ARGUMENT: You must feed a value for placeholder tensor 'inputs' with dtype float and shape [?,65,256]
	 [[{{node inputs}}]]
2023-06-02 12:55:34.646038: I tensorflow/core/common_runtime/executor.cc:1197] [/device:CPU:0] (DEBUG INFO) Executor start aborting (this does not indicate an error and you can ignore this message): INVALID_ARGUMENT: You must feed a value for placeholder tensor 'inputs' with dtype float and shape [?,65,256]
	 [[{{node inputs}}]]
2023-06-02 12:55:34.650594: I tensorflow/core/common_runtime/executor.cc:1197] [/device:CPU:0] (DEBUG INFO) Executor start aborting (this does not indicate an error and you can ignore this message): INVALID_ARGUMENT: You must feed a value for placeholder tensor 'inputs' with dtype float and shape [?,65,64]
	 [[{{node inputs}}]]
2023-06-02 12:55:35.344694: I tensorflow/core/common_runtime/executor.cc:1197] [/device:CPU:0] (DEBUG INFO) Executor start aborting (this does not indicate an error and you can ignore this message): INVALID_ARGUMENT: You must feed a value for placeholder tensor 'inputs' with dtype float and shape [?,65,64]
	 [[{{node inputs}}]]
2023-06-02 12:55:35.361425: I tensorflow/core/common_runtime/executor.cc:1197] [/device:CPU:0] (DEBUG INFO) Executor start aborting (this does not indicate an error and you can ignore this message): INVALID_ARGUMENT: You must feed a value for placeholder tensor 'inputs' with dtype float and shape [?,65,64]
	 [[{{node inputs}}]]
2023-06-02 12:55:35.366052: I tensorflow/core/common_runtime/executor.cc:1197] [/device:CPU:0] (DEBUG INFO) Executor start aborting (this does not indicate an error and you can ignore this message): INVALID_ARGUMENT: You must feed a value for placeholder tensor 'inputs' with dtype float and shape [?,65,256]
	 [[{{node inputs}}]]
2023-06-02 12:55:35.374099: I tensorflow/core/common_runtime/executor.cc:1197] [/device:CPU:0] (DEBUG INFO) Executor start aborting (this does not indicate an error and you can ignore this message): INVALID_ARGUMENT: You must feed a value for placeholder tensor 'inputs' with dtype float and shape [?,65,256]
	 [[{{node inputs}}]]
2023-06-02 12:55:35.378616: I tensorflow/core/common_runtime/executor.cc:1197] [/device:CPU:0] (DEBUG INFO) Executor start aborting (this does not indicate an error and you can ignore this message): INVALID_ARGUMENT: You must feed a value for placeholder tensor 'inputs' with dtype float and shape [?,65,64]
	 [[{{node inputs}}]]
2023-06-02 12:55:35.739614: I tensorflow/core/common_runtime/executor.cc:1197] [/device:CPU:0] (DEBUG INFO) Executor start aborting (this does not indicate an error and you can ignore this message): INVALID_ARGUMENT: You must feed a value for placeholder tensor 'inputs' with dtype float and shape [?,65,64]
	 [[{{node inputs}}]]
2023-06-02 12:55:35.756070: I tensorflow/core/common_runtime/executor.cc:1197] [/device:CPU:0] (DEBUG INFO) Executor start aborting (this does not indicate an error and you can ignore this message): INVALID_ARGUMENT: You must feed a value for placeholder tensor 'inputs' with dtype float and shape [?,65,64]
	 [[{{node inputs}}]]
2023-06-02 12:55:35.760672: I tensorflow/core/common_runtime/executor.cc:1197] [/device:CPU:0] (DEBUG INFO) Executor start aborting (this does not indicate an error and you can ignore this message): INVALID_ARGUMENT: You must feed a value for placeholder tensor 'inputs' with dtype float and shape [?,65,256]
	 [[{{node inputs}}]]
2023-06-02 12:55:35.768622: I tensorflow/core/common_runtime/executor.cc:1197] [/device:CPU:0] (DEBUG INFO) Executor start aborting (this does not indicate an error and you can ignore this message): INVALID_ARGUMENT: You must feed a value for placeholder tensor 'inputs' with dtype float and shape [?,65,256]
	 [[{{node inputs}}]]
2023-06-02 12:55:35.773215: I tensorflow/core/common_runtime/executor.cc:1197] [/device:CPU:0] (DEBUG INFO) Executor start aborting (this does not indicate an error and you can ignore this message): INVALID_ARGUMENT: You must feed a value for placeholder tensor 'inputs' with dtype float and shape [?,65,64]
	 [[{{node inputs}}]]
2023-06-02 12:55:36.217174: I tensorflow/core/common_runtime/executor.cc:1197] [/device:CPU:0] (DEBUG INFO) Executor start aborting (this does not indicate an error and you can ignore this message): INVALID_ARGUMENT: You must feed a value for placeholder tensor 'input_1' with dtype float and shape [?,128,128,3]
	 [[{{node input_1}}]]
2023-06-02 12:55:36.386732: I tensorflow/core/common_runtime/executor.cc:1197] [/device:CPU:0] (DEBUG INFO) Executor start aborting (this does not indicate an error and you can ignore this message): INVALID_ARGUMENT: You must feed a value for placeholder tensor 'input_1' with dtype float and shape [?,128,128,3]
	 [[{{node input_1}}]]
2023-06-02 12:55:36.409933: I tensorflow/core/common_runtime/executor.cc:1197] [/device:CPU:0] (DEBUG INFO) Executor start aborting (this does not indicate an error and you can ignore this message): INVALID_ARGUMENT: You must feed a value for placeholder tensor 'inputs' with dtype float and shape [?,65,64]
	 [[{{node inputs}}]]
2023-06-02 12:55:36.501973: I tensorflow/core/common_runtime/executor.cc:1197] [/device:CPU:0] (DEBUG INFO) Executor start aborting (this does not indicate an error and you can ignore this message): INVALID_ARGUMENT: You must feed a value for placeholder tensor 'inputs' with dtype float and shape [?,128,128,3]
	 [[{{node inputs}}]]
2023-06-02 12:55:36.581809: I tensorflow/core/common_runtime/executor.cc:1197] [/device:CPU:0] (DEBUG INFO) Executor start aborting (this does not indicate an error and you can ignore this message): INVALID_ARGUMENT: You must feed a value for placeholder tensor 'inputs' with dtype float and shape [?,128,128,3]
	 [[{{node inputs}}]]
WARNING:tensorflow:Model's `__init__()` arguments contain non-serializable objects. Please implement a `get_config()` method in the subclassed Model for proper saving and loading. Defaulting to empty config.
WARNING:tensorflow:Model's `__init__()` arguments contain non-serializable objects. Please implement a `get_config()` method in the subclassed Model for proper saving and loading. Defaulting to empty config.
2023-06-02 12:55:36.732345: I tensorflow/core/common_runtime/executor.cc:1197] [/device:CPU:0] (DEBUG INFO) Executor start aborting (this does not indicate an error and you can ignore this message): INVALID_ARGUMENT: You must feed a value for placeholder tensor 'input_1' with dtype float and shape [?,128,128,3]
	 [[{{node input_1}}]]
2023-06-02 12:55:36.810180: I tensorflow/core/common_runtime/executor.cc:1197] [/device:CPU:0] (DEBUG INFO) Executor start aborting (this does not indicate an error and you can ignore this message): INVALID_ARGUMENT: You must feed a value for placeholder tensor 'inputs' with dtype float and shape [?,128,128,3]
	 [[{{node inputs}}]]
2023-06-02 12:55:36.889618: I tensorflow/core/common_runtime/executor.cc:1197] [/device:CPU:0] (DEBUG INFO) Executor start aborting (this does not indicate an error and you can ignore this message): INVALID_ARGUMENT: You must feed a value for placeholder tensor 'inputs' with dtype float and shape [?,128,128,3]
	 [[{{node inputs}}]]
2023-06-02 12:55:38.492047: I tensorflow/core/common_runtime/executor.cc:1197] [/device:CPU:0] (DEBUG INFO) Executor start aborting (this does not indicate an error and you can ignore this message): INVALID_ARGUMENT: You must feed a value for placeholder tensor 'inputs' with dtype float and shape [?,65,64]
	 [[{{node inputs}}]]
2023-06-02 12:55:38.726948: I tensorflow/core/common_runtime/executor.cc:1197] [/device:CPU:0] (DEBUG INFO) Executor start aborting (this does not indicate an error and you can ignore this message): INVALID_ARGUMENT: You must feed a value for placeholder tensor 'inputs' with dtype float and shape [?,8,8,64]
	 [[{{node inputs}}]]
2023-06-02 12:55:40.049894: I tensorflow/core/common_runtime/executor.cc:1197] [/device:CPU:0] (DEBUG INFO) Executor start aborting (this does not indicate an error and you can ignore this message): INVALID_ARGUMENT: You must feed a value for placeholder tensor 'inputs' with dtype float and shape [?,65,64]
	 [[{{node inputs}}]]
2023-06-02 12:55:40.092438: I tensorflow/core/common_runtime/executor.cc:1197] [/device:CPU:0] (DEBUG INFO) Executor start aborting (this does not indicate an error and you can ignore this message): INVALID_ARGUMENT: You must feed a value for placeholder tensor 'inputs' with dtype float and shape [?,65,64]
	 [[{{node inputs}}]]
2023-06-02 12:55:40.115541: I tensorflow/core/common_runtime/executor.cc:1197] [/device:CPU:0] (DEBUG INFO) Executor start aborting (this does not indicate an error and you can ignore this message): INVALID_ARGUMENT: You must feed a value for placeholder tensor 'inputs' with dtype float and shape [?,65,256]
	 [[{{node inputs}}]]
2023-06-02 12:55:40.134254: I tensorflow/core/common_runtime/executor.cc:1197] [/device:CPU:0] (DEBUG INFO) Executor start aborting (this does not indicate an error and you can ignore this message): INVALID_ARGUMENT: You must feed a value for placeholder tensor 'inputs' with dtype float and shape [?,65,256]
	 [[{{node inputs}}]]
2023-06-02 12:55:40.153808: I tensorflow/core/common_runtime/executor.cc:1197] [/device:CPU:0] (DEBUG INFO) Executor start aborting (this does not indicate an error and you can ignore this message): INVALID_ARGUMENT: You must feed a value for placeholder tensor 'inputs' with dtype float and shape [?,65,64]
	 [[{{node inputs}}]]
2023-06-02 12:55:40.266843: I tensorflow/core/common_runtime/executor.cc:1197] [/device:CPU:0] (DEBUG INFO) Executor start aborting (this does not indicate an error and you can ignore this message): INVALID_ARGUMENT: You must feed a value for placeholder tensor 'inputs' with dtype float and shape [?,65,64]
	 [[{{node inputs}}]]
2023-06-02 12:55:40.309425: I tensorflow/core/common_runtime/executor.cc:1197] [/device:CPU:0] (DEBUG INFO) Executor start aborting (this does not indicate an error and you can ignore this message): INVALID_ARGUMENT: You must feed a value for placeholder tensor 'inputs' with dtype float and shape [?,65,64]
	 [[{{node inputs}}]]
2023-06-02 12:55:40.332509: I tensorflow/core/common_runtime/executor.cc:1197] [/device:CPU:0] (DEBUG INFO) Executor start aborting (this does not indicate an error and you can ignore this message): INVALID_ARGUMENT: You must feed a value for placeholder tensor 'inputs' with dtype float and shape [?,65,256]
	 [[{{node inputs}}]]
2023-06-02 12:55:40.351382: I tensorflow/core/common_runtime/executor.cc:1197] [/device:CPU:0] (DEBUG INFO) Executor start aborting (this does not indicate an error and you can ignore this message): INVALID_ARGUMENT: You must feed a value for placeholder tensor 'inputs' with dtype float and shape [?,65,256]
	 [[{{node inputs}}]]
2023-06-02 12:55:40.371092: I tensorflow/core/common_runtime/executor.cc:1197] [/device:CPU:0] (DEBUG INFO) Executor start aborting (this does not indicate an error and you can ignore this message): INVALID_ARGUMENT: You must feed a value for placeholder tensor 'inputs' with dtype float and shape [?,65,64]
	 [[{{node inputs}}]]
2023-06-02 12:55:40.484060: I tensorflow/core/common_runtime/executor.cc:1197] [/device:CPU:0] (DEBUG INFO) Executor start aborting (this does not indicate an error and you can ignore this message): INVALID_ARGUMENT: You must feed a value for placeholder tensor 'inputs' with dtype float and shape [?,65,64]
	 [[{{node inputs}}]]
2023-06-02 12:55:40.526359: I tensorflow/core/common_runtime/executor.cc:1197] [/device:CPU:0] (DEBUG INFO) Executor start aborting (this does not indicate an error and you can ignore this message): INVALID_ARGUMENT: You must feed a value for placeholder tensor 'inputs' with dtype float and shape [?,65,64]
	 [[{{node inputs}}]]
2023-06-02 12:55:40.549452: I tensorflow/core/common_runtime/executor.cc:1197] [/device:CPU:0] (DEBUG INFO) Executor start aborting (this does not indicate an error and you can ignore this message): INVALID_ARGUMENT: You must feed a value for placeholder tensor 'inputs' with dtype float and shape [?,65,256]
	 [[{{node inputs}}]]
2023-06-02 12:55:40.568053: I tensorflow/core/common_runtime/executor.cc:1197] [/device:CPU:0] (DEBUG INFO) Executor start aborting (this does not indicate an error and you can ignore this message): INVALID_ARGUMENT: You must feed a value for placeholder tensor 'inputs' with dtype float and shape [?,65,256]
	 [[{{node inputs}}]]
2023-06-02 12:55:40.587548: I tensorflow/core/common_runtime/executor.cc:1197] [/device:CPU:0] (DEBUG INFO) Executor start aborting (this does not indicate an error and you can ignore this message): INVALID_ARGUMENT: You must feed a value for placeholder tensor 'inputs' with dtype float and shape [?,65,64]
	 [[{{node inputs}}]]
2023-06-02 12:55:40.700106: I tensorflow/core/common_runtime/executor.cc:1197] [/device:CPU:0] (DEBUG INFO) Executor start aborting (this does not indicate an error and you can ignore this message): INVALID_ARGUMENT: You must feed a value for placeholder tensor 'inputs' with dtype float and shape [?,65,64]
	 [[{{node inputs}}]]
2023-06-02 12:55:40.742538: I tensorflow/core/common_runtime/executor.cc:1197] [/device:CPU:0] (DEBUG INFO) Executor start aborting (this does not indicate an error and you can ignore this message): INVALID_ARGUMENT: You must feed a value for placeholder tensor 'inputs' with dtype float and shape [?,65,64]
	 [[{{node inputs}}]]
2023-06-02 12:55:40.765596: I tensorflow/core/common_runtime/executor.cc:1197] [/device:CPU:0] (DEBUG INFO) Executor start aborting (this does not indicate an error and you can ignore this message): INVALID_ARGUMENT: You must feed a value for placeholder tensor 'inputs' with dtype float and shape [?,65,256]
	 [[{{node inputs}}]]
2023-06-02 12:55:40.784157: I tensorflow/core/common_runtime/executor.cc:1197] [/device:CPU:0] (DEBUG INFO) Executor start aborting (this does not indicate an error and you can ignore this message): INVALID_ARGUMENT: You must feed a value for placeholder tensor 'inputs' with dtype float and shape [?,65,256]
	 [[{{node inputs}}]]
2023-06-02 12:55:40.803810: I tensorflow/core/common_runtime/executor.cc:1197] [/device:CPU:0] (DEBUG INFO) Executor start aborting (this does not indicate an error and you can ignore this message): INVALID_ARGUMENT: You must feed a value for placeholder tensor 'inputs' with dtype float and shape [?,65,64]
	 [[{{node inputs}}]]
2023-06-02 12:55:40.916709: I tensorflow/core/common_runtime/executor.cc:1197] [/device:CPU:0] (DEBUG INFO) Executor start aborting (this does not indicate an error and you can ignore this message): INVALID_ARGUMENT: You must feed a value for placeholder tensor 'inputs' with dtype float and shape [?,65,64]
	 [[{{node inputs}}]]
2023-06-02 12:55:40.959152: I tensorflow/core/common_runtime/executor.cc:1197] [/device:CPU:0] (DEBUG INFO) Executor start aborting (this does not indicate an error and you can ignore this message): INVALID_ARGUMENT: You must feed a value for placeholder tensor 'inputs' with dtype float and shape [?,65,64]
	 [[{{node inputs}}]]
2023-06-02 12:55:40.982123: I tensorflow/core/common_runtime/executor.cc:1197] [/device:CPU:0] (DEBUG INFO) Executor start aborting (this does not indicate an error and you can ignore this message): INVALID_ARGUMENT: You must feed a value for placeholder tensor 'inputs' with dtype float and shape [?,65,256]
	 [[{{node inputs}}]]
2023-06-02 12:55:41.000859: I tensorflow/core/common_runtime/executor.cc:1197] [/device:CPU:0] (DEBUG INFO) Executor start aborting (this does not indicate an error and you can ignore this message): INVALID_ARGUMENT: You must feed a value for placeholder tensor 'inputs' with dtype float and shape [?,65,256]
	 [[{{node inputs}}]]
2023-06-02 12:55:41.020280: I tensorflow/core/common_runtime/executor.cc:1197] [/device:CPU:0] (DEBUG INFO) Executor start aborting (this does not indicate an error and you can ignore this message): INVALID_ARGUMENT: You must feed a value for placeholder tensor 'inputs' with dtype float and shape [?,65,64]
	 [[{{node inputs}}]]
2023-06-02 12:55:41.133556: I tensorflow/core/common_runtime/executor.cc:1197] [/device:CPU:0] (DEBUG INFO) Executor start aborting (this does not indicate an error and you can ignore this message): INVALID_ARGUMENT: You must feed a value for placeholder tensor 'inputs' with dtype float and shape [?,65,64]
	 [[{{node inputs}}]]
2023-06-02 12:55:41.181789: I tensorflow/core/common_runtime/executor.cc:1197] [/device:CPU:0] (DEBUG INFO) Executor start aborting (this does not indicate an error and you can ignore this message): INVALID_ARGUMENT: You must feed a value for placeholder tensor 'inputs' with dtype float and shape [?,65,64]
	 [[{{node inputs}}]]
2023-06-02 12:55:41.205233: I tensorflow/core/common_runtime/executor.cc:1197] [/device:CPU:0] (DEBUG INFO) Executor start aborting (this does not indicate an error and you can ignore this message): INVALID_ARGUMENT: You must feed a value for placeholder tensor 'inputs' with dtype float and shape [?,65,256]
	 [[{{node inputs}}]]
2023-06-02 12:55:41.224135: I tensorflow/core/common_runtime/executor.cc:1197] [/device:CPU:0] (DEBUG INFO) Executor start aborting (this does not indicate an error and you can ignore this message): INVALID_ARGUMENT: You must feed a value for placeholder tensor 'inputs' with dtype float and shape [?,65,256]
	 [[{{node inputs}}]]
2023-06-02 12:55:41.243559: I tensorflow/core/common_runtime/executor.cc:1197] [/device:CPU:0] (DEBUG INFO) Executor start aborting (this does not indicate an error and you can ignore this message): INVALID_ARGUMENT: You must feed a value for placeholder tensor 'inputs' with dtype float and shape [?,65,64]
	 [[{{node inputs}}]]
WARNING:absl:Found untraced functions such as _jit_compiled_convolution_op, query_layer_call_fn, query_layer_call_and_return_conditional_losses, key_layer_call_fn, key_layer_call_and_return_conditional_losses while saving (showing 5 of 73). These functions will not be directly callable after loading.
2023-06-02 12:55:42.045108: I tensorflow/core/common_runtime/executor.cc:1197] [/device:CPU:0] (DEBUG INFO) Executor start aborting (this does not indicate an error and you can ignore this message): INVALID_ARGUMENT: You must feed a value for placeholder tensor 'serving_default_input_1' with dtype float and shape [?,128,128,3]
	 [[{{node serving_default_input_1}}]]
WARNING:tensorflow:Model's `__init__()` arguments contain non-serializable objects. Please implement a `get_config()` method in the subclassed Model for proper saving and loading. Defaulting to empty config.
WARNING:tensorflow:Model's `__init__()` arguments contain non-serializable objects. Please implement a `get_config()` method in the subclassed Model for proper saving and loading. Defaulting to empty config.
WARNING:tensorflow:Model's `__init__()` arguments contain non-serializable objects. Please implement a `get_config()` method in the subclassed Model for proper saving and loading. Defaulting to empty config.
WARNING:tensorflow:Model's `__init__()` arguments contain non-serializable objects. Please implement a `get_config()` method in the subclassed Model for proper saving and loading. Defaulting to empty config.
slurmstepd-localhost: error: *** JOB 613 ON localhost CANCELLED AT 2023-06-02T13:00:06 ***
