
CondaSystemExit: Exiting.

WARNING: Ignoring invalid distribution -vidia-cudnn-cu11 (/usr/local/Miniconda3-py39_4.10.3-Linux-x86_64/envs/ssci/lib/python3.10/site-packages)
WARNING: Ignoring invalid distribution - (/usr/local/Miniconda3-py39_4.10.3-Linux-x86_64/envs/ssci/lib/python3.10/site-packages)
WARNING: Ignoring invalid distribution -vidia-cudnn-cu11 (/usr/local/Miniconda3-py39_4.10.3-Linux-x86_64/envs/ssci/lib/python3.10/site-packages)
WARNING: Ignoring invalid distribution - (/usr/local/Miniconda3-py39_4.10.3-Linux-x86_64/envs/ssci/lib/python3.10/site-packages)
WARNING: Ignoring invalid distribution -vidia-cudnn-cu11 (/usr/local/Miniconda3-py39_4.10.3-Linux-x86_64/envs/ssci/lib/python3.10/site-packages)
WARNING: Ignoring invalid distribution - (/usr/local/Miniconda3-py39_4.10.3-Linux-x86_64/envs/ssci/lib/python3.10/site-packages)
    WARNING: Ignoring invalid distribution -vidia-cudnn-cu11 (/usr/local/Miniconda3-py39_4.10.3-Linux-x86_64/envs/ssci/lib/python3.10/site-packages)
    WARNING: Ignoring invalid distribution - (/usr/local/Miniconda3-py39_4.10.3-Linux-x86_64/envs/ssci/lib/python3.10/site-packages)
WARNING: Ignoring invalid distribution -vidia-cudnn-cu11 (/usr/local/Miniconda3-py39_4.10.3-Linux-x86_64/envs/ssci/lib/python3.10/site-packages)
WARNING: Ignoring invalid distribution - (/usr/local/Miniconda3-py39_4.10.3-Linux-x86_64/envs/ssci/lib/python3.10/site-packages)
WARNING: Ignoring invalid distribution -vidia-cudnn-cu11 (/usr/local/Miniconda3-py39_4.10.3-Linux-x86_64/envs/ssci/lib/python3.10/site-packages)
WARNING: Ignoring invalid distribution - (/usr/local/Miniconda3-py39_4.10.3-Linux-x86_64/envs/ssci/lib/python3.10/site-packages)
WARNING: Ignoring invalid distribution -vidia-cudnn-cu11 (/usr/local/Miniconda3-py39_4.10.3-Linux-x86_64/envs/ssci/lib/python3.10/site-packages)
WARNING: Ignoring invalid distribution - (/usr/local/Miniconda3-py39_4.10.3-Linux-x86_64/envs/ssci/lib/python3.10/site-packages)
WARNING: Ignoring invalid distribution -vidia-cudnn-cu11 (/usr/local/Miniconda3-py39_4.10.3-Linux-x86_64/envs/ssci/lib/python3.10/site-packages)
WARNING: Ignoring invalid distribution - (/usr/local/Miniconda3-py39_4.10.3-Linux-x86_64/envs/ssci/lib/python3.10/site-packages)


==> WARNING: A newer version of conda exists. <==
  current version: 4.14.0
  latest version: 23.5.0

Please update conda by running

    $ conda update -n base -c defaults conda


WARNING: Ignoring invalid distribution -vidia-cudnn-cu11 (/usr/local/Miniconda3-py39_4.10.3-Linux-x86_64/envs/ssci/lib/python3.10/site-packages)
WARNING: Ignoring invalid distribution - (/usr/local/Miniconda3-py39_4.10.3-Linux-x86_64/envs/ssci/lib/python3.10/site-packages)
WARNING: Ignoring invalid distribution -vidia-cudnn-cu11 (/usr/local/Miniconda3-py39_4.10.3-Linux-x86_64/envs/ssci/lib/python3.10/site-packages)
WARNING: Ignoring invalid distribution - (/usr/local/Miniconda3-py39_4.10.3-Linux-x86_64/envs/ssci/lib/python3.10/site-packages)
WARNING: Ignoring invalid distribution -vidia-cudnn-cu11 (/usr/local/Miniconda3-py39_4.10.3-Linux-x86_64/envs/ssci/lib/python3.10/site-packages)
WARNING: Ignoring invalid distribution - (/usr/local/Miniconda3-py39_4.10.3-Linux-x86_64/envs/ssci/lib/python3.10/site-packages)
    WARNING: Ignoring invalid distribution -vidia-cudnn-cu11 (/usr/local/Miniconda3-py39_4.10.3-Linux-x86_64/envs/ssci/lib/python3.10/site-packages)
    WARNING: Ignoring invalid distribution - (/usr/local/Miniconda3-py39_4.10.3-Linux-x86_64/envs/ssci/lib/python3.10/site-packages)
WARNING: Ignoring invalid distribution -vidia-cudnn-cu11 (/usr/local/Miniconda3-py39_4.10.3-Linux-x86_64/envs/ssci/lib/python3.10/site-packages)
WARNING: Ignoring invalid distribution - (/usr/local/Miniconda3-py39_4.10.3-Linux-x86_64/envs/ssci/lib/python3.10/site-packages)
ERROR: pip's dependency resolver does not currently take into account all the packages that are installed. This behaviour is the source of the following dependency conflicts.
torch 2.0.1 requires nvidia-cudnn-cu11==8.5.0.96; platform_system == "Linux" and platform_machine == "x86_64", but you have nvidia-cudnn-cu11 8.6.0.163 which is incompatible.
WARNING: Ignoring invalid distribution -vidia-cudnn-cu11 (/usr/local/Miniconda3-py39_4.10.3-Linux-x86_64/envs/ssci/lib/python3.10/site-packages)
WARNING: Ignoring invalid distribution - (/usr/local/Miniconda3-py39_4.10.3-Linux-x86_64/envs/ssci/lib/python3.10/site-packages)
WARNING: Ignoring invalid distribution -vidia-cudnn-cu11 (/usr/local/Miniconda3-py39_4.10.3-Linux-x86_64/envs/ssci/lib/python3.10/site-packages)
WARNING: Ignoring invalid distribution - (/usr/local/Miniconda3-py39_4.10.3-Linux-x86_64/envs/ssci/lib/python3.10/site-packages)
WARNING: Ignoring invalid distribution -vidia-cudnn-cu11 (/usr/local/Miniconda3-py39_4.10.3-Linux-x86_64/envs/ssci/lib/python3.10/site-packages)
WARNING: Ignoring invalid distribution - (/usr/local/Miniconda3-py39_4.10.3-Linux-x86_64/envs/ssci/lib/python3.10/site-packages)
2023-06-02 07:21:24.013180: I tensorflow/core/platform/cpu_feature_guard.cc:182] This TensorFlow binary is optimized to use available CPU instructions in performance-critical operations.
To enable the following instructions: AVX2 FMA, in other operations, rebuild TensorFlow with the appropriate compiler flags.
2023-06-02 07:21:24.589541: W tensorflow/compiler/tf2tensorrt/utils/py_utils.cc:38] TF-TRT Warning: Could not find TensorRT
2023-06-02 07:21:26.433171: I tensorflow/core/platform/cpu_feature_guard.cc:182] This TensorFlow binary is optimized to use available CPU instructions in performance-critical operations.
To enable the following instructions: AVX2 FMA, in other operations, rebuild TensorFlow with the appropriate compiler flags.
2023-06-02 07:21:26.988551: W tensorflow/compiler/tf2tensorrt/utils/py_utils.cc:38] TF-TRT Warning: Could not find TensorRT
2023-06-02 07:21:47.932900: I tensorflow/core/common_runtime/gpu/gpu_device.cc:1635] Created device /job:localhost/replica:0/task:0/device:GPU:0 with 78945 MB memory:  -> device: 0, name: NVIDIA A100 80GB PCIe, pci bus id: 0000:25:00.0, compute capability: 8.0
2023-06-02 07:21:58.001363: I tensorflow/core/common_runtime/executor.cc:1197] [/device:CPU:0] (DEBUG INFO) Executor start aborting (this does not indicate an error and you can ignore this message): INVALID_ARGUMENT: You must feed a value for placeholder tensor 'Placeholder/_4' with dtype int32 and shape [391374]
	 [[{{node Placeholder/_4}}]]
2023-06-02 07:21:58.001699: I tensorflow/core/common_runtime/executor.cc:1197] [/device:CPU:0] (DEBUG INFO) Executor start aborting (this does not indicate an error and you can ignore this message): INVALID_ARGUMENT: You must feed a value for placeholder tensor 'Placeholder/_0' with dtype string and shape [391374]
	 [[{{node Placeholder/_0}}]]
2023-06-02 07:22:45.686870: I tensorflow/core/common_runtime/executor.cc:1197] [/device:CPU:0] (DEBUG INFO) Executor start aborting (this does not indicate an error and you can ignore this message): INVALID_ARGUMENT: You must feed a value for placeholder tensor 'images' with dtype float and shape [?,128,128,3]
	 [[{{node images}}]]
2023-06-02 07:22:45.688822: I tensorflow/core/common_runtime/executor.cc:1197] [/device:CPU:0] (DEBUG INFO) Executor start aborting (this does not indicate an error and you can ignore this message): INVALID_ARGUMENT: You must feed a value for placeholder tensor 'Placeholder' with dtype float and shape [?,128,128,3]
	 [[{{node Placeholder}}]]
2023-06-02 07:22:45.692585: I tensorflow/core/common_runtime/executor.cc:1197] [/device:CPU:0] (DEBUG INFO) Executor start aborting (this does not indicate an error and you can ignore this message): INVALID_ARGUMENT: You must feed a value for placeholder tensor 'patch' with dtype float and shape [?,?,768]
	 [[{{node patch}}]]
2023-06-02 07:22:45.695645: I tensorflow/core/common_runtime/executor.cc:1197] [/device:CPU:0] (DEBUG INFO) Executor start aborting (this does not indicate an error and you can ignore this message): INVALID_ARGUMENT: You must feed a value for placeholder tensor 'Placeholder' with dtype float and shape [?,?,768]
	 [[{{node Placeholder}}]]
2023-06-02 07:22:46.112411: I tensorflow/core/common_runtime/executor.cc:1197] [/device:CPU:0] (DEBUG INFO) Executor start aborting (this does not indicate an error and you can ignore this message): INVALID_ARGUMENT: You must feed a value for placeholder tensor 'Placeholder/_0' with dtype string and shape [55928]
	 [[{{node Placeholder/_0}}]]
2023-06-02 07:22:46.112736: I tensorflow/core/common_runtime/executor.cc:1197] [/device:CPU:0] (DEBUG INFO) Executor start aborting (this does not indicate an error and you can ignore this message): INVALID_ARGUMENT: You must feed a value for placeholder tensor 'Placeholder/_4' with dtype int32 and shape [55928]
	 [[{{node Placeholder/_4}}]]
2023-06-02 07:23:05.744353: I tensorflow/compiler/xla/stream_executor/cuda/cuda_blas.cc:637] TensorFloat-32 will be used for the matrix multiplication. This will only be logged once.
